TN:
SF:/data/tzwang/graphics/MiniGL/kgl_v1/TyGL/api.cpp
FN:12,_Z16gl_matrix_updateP9GLContext
FN:17,_Z16gl_eval_viewportP9GLContext
FN:34,_Z10glVertex4fffff
FN:162,_Z10glVertex3ffff
FN:167,_Z11glVertex3fvPf
FN:174,_Z10glNormal3ffff
FN:187,_Z9glColor4fffff
FN:217,_Z9glColor3ffff
FN:226,_Z12glTexCoord4fffff
FN:235,_Z12glTexCoord2fff
FN:242,_Z16GL_EnableDisableP9GLContextP7GLParam
FN:278,_Z8glEnablei
FN:291,_Z9glDisablei
FN:304,_Z7glBegini
FN:365,_Z5glEndv
FN:385,_Z12glMatrixModei
FN:407,_Z14glLoadIdentityv
FN:417,_Z13glMultMatrixfPKf
FN:446,_Z12glPushMatrixv
FN:462,_Z11glPopMatrixv
FN:473,_Z9glRotatefffff
FN:545,_Z12glTranslateffff
FN:564,_Z8glScaleffff
FN:582,_Z10glViewportiiii
FN:627,_Z9glFrustumdddddd
FN:654,_Z14gluPerspectivedddd
FN:670,_Z12glMaterialfviiPf
FN:722,_Z11glMaterialfiif
FN:793,_Z9glLightfviiPf
FN:876,_Z12glTexImage2DiiiiiiiiPv
FN:918,_Z13alloc_textureP9GLContexti
FN:936,_Z12find_textureP9GLContexti
FN:948,_Z13glBindTextureii
FNDA:14,_Z16gl_matrix_updateP9GLContext
FNDA:1,_Z16gl_eval_viewportP9GLContext
FNDA:218046,_Z10glVertex4fffff
FNDA:217914,_Z10glVertex3ffff
FNDA:132,_Z11glVertex3fvPf
FNDA:217911,_Z10glNormal3ffff
FNDA:1,_Z9glColor4fffff
FNDA:1,_Z9glColor3ffff
FNDA:9558,_Z12glTexCoord4fffff
FNDA:9558,_Z12glTexCoord2fff
FNDA:13,_Z16GL_EnableDisableP9GLContextP7GLParam
FNDA:12,_Z8glEnablei
FNDA:1,_Z9glDisablei
FNDA:36,_Z7glBegini
FNDA:36,_Z5glEndv
FNDA:8,_Z12glMatrixModei
FNDA:8,_Z14glLoadIdentityv
FNDA:1,_Z13glMultMatrixfPKf
FNDA:0,_Z12glPushMatrixv
FNDA:0,_Z11glPopMatrixv
FNDA:0,_Z9glRotatefffff
FNDA:1,_Z12glTranslateffff
FNDA:1,_Z8glScaleffff
FNDA:3,_Z10glViewportiiii
FNDA:3,_Z9glFrustumdddddd
FNDA:3,_Z14gluPerspectivedddd
FNDA:12,_Z12glMaterialfviiPf
FNDA:4,_Z11glMaterialfiif
FNDA:6,_Z9glLightfviiPf
FNDA:1,_Z12glTexImage2DiiiiiiiiPv
FNDA:2,_Z13alloc_textureP9GLContexti
FNDA:3,_Z12find_textureP9GLContexti
FNDA:2,_Z13glBindTextureii
FNF:33
FNH:30
DA:12,14
DA:14,14
DA:15,14
DA:17,1
DA:20,1
DA:21,1
DA:23,1
DA:25,1
DA:26,1
DA:27,1
DA:29,1
DA:30,1
DA:31,1
DA:32,1
DA:34,218046
DA:36,218046
DA:41,218046
DA:43,218046
DA:44,218046
DA:45,218046
DA:46,218046
DA:49,218046
DA:51,0
DA:52,0
DA:53,0
DA:54,0
DA:56,0
DA:57,0
DA:58,0
DA:61,218046
DA:62,218046
DA:64,218046
DA:65,218046
DA:66,218046
DA:67,218046
DA:69,218046
DA:73,218046
DA:74,218046
DA:76,0
DA:81,218046
DA:82,9558
DA:83,0
DA:85,9558
DA:89,218046
DA:90,217968
DA:94,218046
DA:96,218046
DA:102,217914
DA:103,72638
DA:104,72638
DA:106,217914
DA:132,0
DA:133,0
DA:134,0
DA:135,0
DA:136,0
DA:137,0
DA:138,0
DA:140,0
DA:157,218046
DA:159,218046
DA:162,217914
DA:164,217914
DA:165,217914
DA:167,132
DA:169,132
DA:170,132
DA:174,217911
DA:176,217911
DA:177,217911
DA:178,217911
DA:179,217911
DA:180,217911
DA:181,217911
DA:187,1
DA:189,1
DA:191,1
DA:192,1
DA:193,1
DA:194,1
DA:195,1
DA:196,1
DA:197,1
DA:198,1
DA:199,1
DA:200,1
DA:202,1
DA:205,1
DA:206,1
DA:207,1
DA:208,1
DA:209,1
DA:210,1
DA:211,1
DA:213,1
DA:217,1
DA:219,1
DA:220,1
DA:226,9558
DA:228,9558
DA:229,9558
DA:230,9558
DA:231,9558
DA:232,9558
DA:233,9558
DA:235,9558
DA:237,9558
DA:238,9558
DA:242,13
DA:244,13
DA:245,13
DA:247,13
DA:249,0
DA:250,0
DA:252,2
DA:253,2
DA:255,2
DA:256,2
DA:258,3
DA:259,3
DA:261,0
DA:262,0
DA:264,1
DA:265,1
DA:268,5
DA:269,5
DA:271,5
DA:273,13
DA:278,12
DA:283,12
DA:284,12
DA:286,12
DA:287,12
DA:289,12
DA:291,1
DA:295,1
DA:296,1
DA:298,1
DA:299,1
DA:300,1
DA:304,36
DA:306,36
DA:309,36
DA:311,36
DA:313,36
DA:314,36
DA:315,36
DA:316,36
DA:317,36
DA:319,36
DA:321,2
DA:323,2
DA:324,2
DA:326,0
DA:328,0
DA:330,0
DA:332,0
DA:333,0
DA:334,0
DA:338,2
DA:340,2
DA:343,36
DA:344,1
DA:345,1
DA:349,36
DA:352,36
DA:353,36
DA:356,36
DA:359,36
DA:360,36
DA:363,36
DA:365,36
DA:367,36
DA:370,36
DA:372,36
DA:373,33
DA:374,165
DA:375,66
DA:376,66
DA:379,36
DA:380,36
DA:385,8
DA:387,8
DA:390,8
DA:392,4
DA:393,4
DA:395,3
DA:396,3
DA:398,1
DA:399,1
DA:401,0
DA:403,8
DA:407,8
DA:409,8
DA:412,8
DA:414,8
DA:415,8
DA:417,1
DA:419,1
DA:424,1
DA:427,1
DA:431,1
DA:433,5
DA:434,4
DA:435,4
DA:436,4
DA:437,4
DA:438,4
DA:441,1
DA:443,1
DA:444,1
DA:446,0
DA:448,0
DA:451,0
DA:455,0
DA:457,0
DA:459,0
DA:460,0
DA:462,0
DA:464,0
DA:466,0
DA:469,0
DA:470,0
DA:471,0
DA:473,0
DA:475,0
DA:477,0
DA:482,0
DA:483,0
DA:484,0
DA:485,0
DA:488,0
DA:490,0
DA:492,0
DA:493,0
DA:495,0
DA:496,0
DA:497,0
DA:499,0
DA:500,0
DA:501,0
DA:503,0
DA:504,0
DA:505,0
DA:511,0
DA:512,0
DA:513,0
DA:514,0
DA:515,0
DA:516,0
DA:519,0
DA:520,0
DA:523,0
DA:524,0
DA:525,0
DA:528,0
DA:529,0
DA:530,0
DA:531,0
DA:532,0
DA:533,0
DA:534,0
DA:535,0
DA:536,0
DA:540,0
DA:542,0
DA:545,1
DA:547,1
DA:554,1
DA:556,1
DA:557,1
DA:558,1
DA:559,1
DA:561,1
DA:562,1
DA:564,1
DA:566,1
DA:572,1
DA:574,1
DA:575,1
DA:576,1
DA:577,1
DA:578,1
DA:579,1
DA:582,3
DA:584,3
DA:590,3
DA:591,3
DA:592,3
DA:596,6
DA:597,6
DA:598,5
DA:599,2
DA:601,1
DA:602,1
DA:604,1
DA:605,0
DA:606,0
DA:609,1
DA:610,1
DA:611,1
DA:612,0
DA:617,1
DA:618,1
DA:619,1
DA:620,1
DA:622,1
DA:624,3
DA:627,3
DA:630,3
DA:632,3
DA:636,3
DA:637,3
DA:638,3
DA:639,3
DA:640,3
DA:641,3
DA:643,3
DA:644,3
DA:645,3
DA:646,3
DA:647,3
DA:649,3
DA:651,3
DA:652,3
DA:654,3
DA:659,3
DA:660,3
DA:662,3
DA:663,3
DA:665,3
DA:666,3
DA:670,12
DA:672,12
DA:675,12
DA:676,12
DA:677,12
DA:680,12
DA:681,12
DA:682,12
DA:686,12
DA:687,12
DA:688,12
DA:689,12
DA:691,12
DA:692,0
DA:694,12
DA:696,12
DA:698,0
DA:699,0
DA:701,4
DA:702,4
DA:704,4
DA:705,4
DA:707,4
DA:708,4
DA:710,0
DA:711,0
DA:712,0
DA:714,0
DA:715,0
DA:716,0
DA:718,0
DA:720,12
DA:722,4
DA:724,4
DA:729,4
DA:730,4
DA:731,4
DA:732,4
DA:736,4
DA:737,4
DA:738,4
DA:739,4
DA:745,4
DA:746,4
DA:747,4
DA:748,4
DA:750,4
DA:751,4
DA:753,4
DA:755,0
DA:756,0
DA:757,0
DA:759,0
DA:760,0
DA:761,0
DA:763,0
DA:764,0
DA:765,0
DA:767,0
DA:768,0
DA:769,0
DA:771,4
DA:772,4
DA:773,4
DA:775,0
DA:776,0
DA:777,0
DA:778,0
DA:779,0
DA:781,0
DA:783,4
DA:793,6
DA:794,6
DA:799,6
DA:800,6
DA:802,6
DA:809,6
DA:811,6
DA:813,6
DA:815,6
DA:817,0
DA:818,0
DA:820,0
DA:821,0
DA:823,0
DA:824,0
DA:828,3
DA:830,3
DA:832,3
DA:833,0
DA:834,0
DA:835,0
DA:837,0
DA:840,3
DA:842,12
DA:843,9
DA:844,9
DA:846,3
DA:847,3
DA:849,0
DA:850,0
DA:853,0
DA:854,0
DA:855,0
DA:856,0
DA:858,0
DA:860,0
DA:861,0
DA:863,0
DA:864,0
DA:866,0
DA:867,0
DA:869,0
DA:871,6
DA:876,1
DA:880,1
DA:887,1
DA:888,1
DA:889,1
DA:890,0
DA:893,1
DA:894,1
DA:895,1
DA:897,1
DA:898,1
DA:899,1
DA:900,1
DA:902,0
DA:905,1
DA:906,1
DA:907,1
DA:908,1
DA:910,1
DA:911,1
DA:912,1
DA:915,1
DA:916,1
DA:918,2
DA:922,2
DA:924,2
DA:926,2
DA:927,2
DA:928,2
DA:929,2
DA:931,2
DA:933,2
DA:936,3
DA:940,3
DA:941,3
DA:942,2
DA:943,0
DA:945,1
DA:948,2
DA:950,2
DA:956,2
DA:958,2
DA:959,2
DA:960,1
DA:962,2
DA:963,2
LF:492
LH:351
end_of_record
SF:/data/tzwang/graphics/MiniGL/kgl_v1/include/light.h
FN:5,_Z12glopMaterialP9GLContextP7GLParam
FN:63,_ZL6clampffff
FN:70,_Z23gl_enable_disable_lightP9GLContextii
FN:87,_Z15gl_shade_vertexP9GLContextP8GLVertex
FNDA:18,_Z12glopMaterialP9GLContextP7GLParam
FNDA:872184,_ZL6clampffff
FNDA:5,_Z23gl_enable_disable_lightP9GLContextii
FNDA:218046,_Z15gl_shade_vertexP9GLContextP8GLVertex
FNF:4
FNH:4
DA:5,18
DA:7,18
DA:8,18
DA:11,18
DA:12,18
DA:13,18
DA:14,18
DA:15,18
DA:20,18
DA:21,1
DA:22,1
DA:23,1
DA:25,18
DA:26,1
DA:28,18
DA:30,0
DA:31,0
DA:32,0
DA:34,20
DA:35,16
DA:36,4
DA:38,20
DA:39,16
DA:40,4
DA:42,20
DA:43,16
DA:44,4
DA:46,4
DA:47,4
DA:48,4
DA:50,10
DA:51,8
DA:52,10
DA:53,8
DA:54,2
DA:56,0
DA:58,18
DA:63,872184
DA:65,872184
DA:66,872184
DA:67,861693
DA:70,5
DA:72,5
DA:73,5
DA:74,4
DA:75,4
DA:76,4
DA:77,4
DA:78,1
DA:79,0
DA:80,0
DA:81,0
DA:82,0
DA:84,5
DA:87,218046
DA:94,218046
DA:96,218046
DA:98,218046
DA:99,218046
DA:100,218046
DA:102,218046
DA:103,218046
DA:104,218046
DA:105,218046
DA:107,1061556
DA:111,843510
DA:112,843510
DA:113,843510
DA:115,843510
DA:117,218046
DA:118,218046
DA:119,218046
DA:120,218046
DA:123,625464
DA:124,625464
DA:125,625464
DA:126,625464
DA:127,625464
DA:128,625464
DA:129,625464
DA:130,625464
DA:131,625464
DA:133,1250928
DA:134,1250928
DA:136,843510
DA:137,843510
DA:138,843510
DA:140,418596
DA:141,418596
DA:142,418596
DA:145,418596
DA:146,0
DA:147,0
DA:148,0
DA:149,0
DA:150,0
DA:152,0
DA:155,0
DA:156,0
DA:163,418596
DA:165,0
DA:166,0
DA:167,0
DA:168,0
DA:169,0
DA:170,0
DA:171,0
DA:173,418596
DA:174,418596
DA:175,418596
DA:177,418596
DA:178,418596
DA:179,418596
DA:182,387060
DA:183,387060
DA:184,387060
DA:190,387060
DA:191,387060
DA:192,387060
DA:193,387060
DA:194,387060
DA:195,387060
DA:196,387060
DA:200,843510
DA:201,843510
DA:202,843510
DA:205,218046
DA:206,218046
DA:207,218046
DA:208,218046
DA:209,218046
LF:131
LH:108
end_of_record
SF:/data/tzwang/graphics/MiniGL/kgl_v1/include/specbuf.h
FN:26,_Z8calc_bufP9GLSpecBuff
FN:38,_Z18specbuf_get_bufferP9GLContextif
FNDA:1,_Z8calc_bufP9GLSpecBuff
FNDA:387060,_Z18specbuf_get_bufferP9GLContextif
FNF:2
FNH:2
DA:26,1
DA:30,1
DA:31,1
DA:32,1026
DA:33,1025
DA:34,1025
DA:36,1
DA:38,387060
DA:42,387060
DA:43,387060
DA:44,0
DA:45,0
DA:47,0
DA:49,387060
DA:50,387059
DA:51,387059
DA:53,1
DA:55,1
DA:56,1
DA:57,0
DA:59,1
DA:60,1
DA:61,1
DA:62,1
DA:63,1
DA:64,1
DA:65,1
DA:69,0
DA:70,0
DA:71,0
DA:72,0
LF:31
LH:23
end_of_record
SF:/data/tzwang/graphics/MiniGL/kgl_v1/include/zbuffer.h
FN:126,_Z13ZB_setTextureP7ZBufferPh
FNDA:3179,_Z13ZB_setTextureP7ZBufferPh
FNF:1
FNH:1
DA:126,3179
DA:128,3179
DA:129,3179
LF:3
LH:3
end_of_record
SF:/data/tzwang/graphics/MiniGL/kgl_v1/include/zgl.h
FN:343,_Z14gl_get_contextv
FN:351,_Z7gl_freePv
FN:356,_Z9gl_malloci
FN:363,_Z9gl_zalloci
FNDA:445656,_Z14gl_get_contextv
FNDA:4,_Z7gl_freePv
FNDA:7,_Z9gl_malloci
FNDA:5,_Z9gl_zalloci
FNF:4
FNH:4
DA:343,445656
DA:345,445656
DA:351,4
DA:353,4
DA:354,4
DA:356,7
DA:358,7
DA:359,7
DA:360,7
DA:363,5
DA:365,5
LF:11
LH:11
end_of_record
SF:/data/tzwang/graphics/MiniGL/kgl_v1/include/zmath.h
FN:32,_ZN2M4C2Ev
FN:55,_Z10gl_V3_NormP2V3
FN:90,_ZN2M48gl_M4_IdEPS_
FN:98,_ZN2M410gl_M4_IsIdEPS_
FN:110,_ZN2M49gl_M4_MulEPS_S0_S0_
FN:123,_ZN2M413gl_M4_MulLeftEPS_S0_
FN:141,_ZN2M410gl_M4_MoveEPS_S0_
FN:156,_ZN2M411gl_M4_MulV4EP2V4PS_S1_
FN:165,_ZN2M415gl_M4_TransposeEPS_S0_
FN:206,_Z10Matrix_InvPfS_i
FN:266,_ZN2M49gl_M4_InvEPS_S0_
FN:274,_ZN2M412gl_M4_RotateEPS_fi
FNDA:49,_ZN2M4C2Ev
FNDA:3,_Z10gl_V3_NormP2V3
FNDA:8,_ZN2M48gl_M4_IdEPS_
FNDA:2,_ZN2M410gl_M4_IsIdEPS_
FNDA:0,_ZN2M49gl_M4_MulEPS_S0_S0_
FNDA:4,_ZN2M413gl_M4_MulLeftEPS_S0_
FNDA:0,_ZN2M410gl_M4_MoveEPS_S0_
FNDA:3,_ZN2M411gl_M4_MulV4EP2V4PS_S1_
FNDA:2,_ZN2M415gl_M4_TransposeEPS_S0_
FNDA:2,_Z10Matrix_InvPfS_i
FNDA:2,_ZN2M49gl_M4_InvEPS_S0_
FNDA:0,_ZN2M412gl_M4_RotateEPS_fi
FNF:12
FNH:9
DA:32,49
DA:55,3
DA:58,3
DA:59,3
DA:60,3
DA:61,3
DA:62,3
DA:63,3
DA:90,8
DA:93,40
DA:94,160
DA:95,128
DA:96,8
DA:98,2
DA:101,10
DA:102,40
DA:103,32
DA:104,8
DA:105,24
DA:107,2
DA:110,0
DA:114,0
DA:115,0
DA:116,0
DA:117,0
DA:118,0
DA:120,0
DA:123,4
DA:127,4
DA:131,4
DA:133,20
DA:134,80
DA:135,64
DA:136,64
DA:137,64
DA:139,4
DA:141,0
DA:143,0
DA:144,0
DA:156,3
DA:158,3
DA:159,3
DA:160,3
DA:161,3
DA:162,3
DA:165,2
DA:167,2
DA:168,2
DA:169,2
DA:170,2
DA:172,2
DA:173,2
DA:174,2
DA:175,2
DA:177,2
DA:178,2
DA:179,2
DA:180,2
DA:182,2
DA:183,2
DA:184,2
DA:185,2
DA:186,2
DA:206,2
DA:212,2
DA:213,2
DA:215,10
DA:218,8
DA:219,8
DA:220,20
DA:221,12
DA:222,0
DA:223,0
DA:227,8
DA:231,8
DA:232,0
DA:233,0
DA:234,0
DA:235,0
DA:237,0
DA:238,0
DA:239,0
DA:244,8
DA:245,40
DA:246,32
DA:247,32
DA:251,40
DA:252,24
DA:253,120
DA:254,96
DA:255,96
DA:260,2
DA:266,2
DA:268,2
DA:269,2
DA:271,2
DA:272,2
DA:274,0
DA:278,0
DA:279,0
DA:280,0
DA:281,0
DA:282,0
DA:283,0
DA:284,0
DA:285,0
LF:106
LH:78
end_of_record
SF:/data/tzwang/graphics/MiniGL/kgl_v1/include/ztriangle.h
FN:13,_Z10PUT_PIXELKiRdS_PhPdRjS2_S2_RiS3_S3_S3_
FN:31,_Z21ZB_fillTriangleSmoothP7ZBufferP12ZBufferPointS2_S2_
FN:284,_Z13PUT_PIXEL_TEXiPhRdS0_S_PdRjS2_RiS3_S3_
FN:304,_Z33ZB_fillTriangleMappingPerspectiveP7ZBufferP12ZBufferPointS2_S2_
FN:612,_Z21gl_draw_triangle_fillP9GLContextP8GLVertexS2_S2_
FNDA:906484,_Z10PUT_PIXELKiRdS_PhPdRjS2_S2_RiS3_S3_S3_
FNDA:64380,_Z21ZB_fillTriangleSmoothP7ZBufferP12ZBufferPointS2_S2_
FNDA:149778,_Z13PUT_PIXEL_TEXiPhRdS0_S_PdRjS2_RiS3_S3_
FNDA:3179,_Z33ZB_fillTriangleMappingPerspectiveP7ZBufferP12ZBufferPointS2_S2_
FNDA:67559,_Z21gl_draw_triangle_fillP9GLContextP8GLVertexS2_S2_
FNF:5
FNH:5
DA:13,906484
DA:18,906484
DA:19,906484
DA:20,655975
DA:21,655975
DA:22,655975
DA:23,655975
DA:25,906484
DA:26,906484
DA:27,906484
DA:28,906484
DA:29,906484
DA:31,64380
DA:60,64380
DA:61,28349
DA:62,28349
DA:63,28349
DA:65,64380
DA:66,18436
DA:67,18436
DA:68,18436
DA:69,18436
DA:70,45944
DA:71,17785
DA:72,17785
DA:73,17785
DA:78,64380
DA:79,64380
DA:81,64380
DA:82,64380
DA:84,64380
DA:85,64380
DA:86,0
DA:87,64380
DA:89,64380
DA:90,64380
DA:91,64380
DA:92,64380
DA:95,64380
DA:96,64380
DA:97,64380
DA:98,64380
DA:100,64380
DA:101,64380
DA:102,64380
DA:103,64380
DA:105,64380
DA:106,64380
DA:107,64380
DA:108,64380
DA:110,64380
DA:111,64380
DA:112,64380
DA:113,64380
DA:118,64380
DA:119,64380
DA:123,193140
DA:124,128760
DA:125,64380
DA:126,31598
DA:127,31598
DA:128,31598
DA:129,31598
DA:130,31598
DA:131,31598
DA:133,32782
DA:134,32782
DA:135,32782
DA:136,32782
DA:137,32782
DA:138,32782
DA:140,64380
DA:143,64380
DA:144,31598
DA:145,31598
DA:146,31598
DA:147,31598
DA:149,32782
DA:150,32782
DA:151,32782
DA:152,32782
DA:154,64380
DA:159,128760
DA:160,97162
DA:161,97162
DA:162,97162
DA:163,76390
DA:165,20772
DA:166,97162
DA:167,97162
DA:168,97162
DA:169,97162
DA:170,97162
DA:172,97162
DA:173,97162
DA:174,97162
DA:176,97162
DA:177,97162
DA:178,97162
DA:180,97162
DA:181,97162
DA:182,97162
DA:184,97162
DA:185,97162
DA:186,97162
DA:193,128760
DA:194,95978
DA:195,95978
DA:196,95978
DA:197,76426
DA:199,19552
DA:200,95978
DA:205,744032
DA:206,307636
DA:216,307636
DA:217,307636
DA:219,307636
DA:220,307636
DA:222,307636
DA:223,307636
DA:224,307636
DA:227,2120604
DA:228,906484
DA:230,906484
DA:232,906484
DA:233,906484
DA:237,307636
DA:238,307636
DA:239,107707
DA:240,107707
DA:242,107707
DA:244,107707
DA:245,107707
DA:246,107707
DA:250,199929
DA:252,199929
DA:254,199929
DA:255,199929
DA:256,199929
DA:262,307636
DA:265,307636
DA:266,307636
DA:284,149778
DA:290,149778
DA:291,149778
DA:292,145398
DA:293,145398
DA:294,145398
DA:295,145398
DA:296,145398
DA:298,149778
DA:299,149778
DA:300,149778
DA:301,149778
DA:304,3179
DA:349,3179
DA:350,1349
DA:351,1349
DA:352,1349
DA:354,3179
DA:355,1533
DA:356,1533
DA:357,1533
DA:358,1533
DA:359,1646
DA:360,86
DA:361,86
DA:362,86
DA:367,3179
DA:368,3179
DA:370,3179
DA:371,3179
DA:373,3179
DA:374,3179
DA:375,0
DA:376,3179
DA:378,3179
DA:379,3179
DA:380,3179
DA:381,3179
DA:384,3179
DA:385,3179
DA:386,3179
DA:387,3179
DA:395,3179
DA:396,3179
DA:397,3179
DA:398,3179
DA:399,3179
DA:400,3179
DA:401,3179
DA:402,3179
DA:403,3179
DA:405,3179
DA:406,3179
DA:407,3179
DA:408,3179
DA:410,3179
DA:411,3179
DA:412,3179
DA:413,3179
DA:418,3179
DA:419,3179
DA:424,3179
DA:425,3179
DA:426,3179
DA:427,3179
DA:428,3179
DA:433,9537
DA:434,6358
DA:435,3179
DA:436,1377
DA:437,1377
DA:438,1377
DA:439,1377
DA:440,1377
DA:441,1377
DA:443,1802
DA:444,1802
DA:445,1802
DA:446,1802
DA:447,1802
DA:448,1802
DA:450,3179
DA:453,3179
DA:454,1377
DA:455,1377
DA:456,1377
DA:457,1377
DA:459,1802
DA:460,1802
DA:461,1802
DA:462,1802
DA:464,3179
DA:469,6358
DA:470,4981
DA:471,4981
DA:472,4981
DA:473,4499
DA:475,482
DA:476,4981
DA:477,4981
DA:478,4981
DA:479,4981
DA:480,4981
DA:483,4981
DA:484,4981
DA:485,4981
DA:489,4981
DA:490,4981
DA:491,4981
DA:493,4981
DA:494,4981
DA:495,4981
DA:501,6358
DA:502,4556
DA:503,4556
DA:504,4556
DA:505,4518
DA:507,38
DA:508,4556
DA:513,73468
DA:514,33555
DA:523,33555
DA:524,33555
DA:525,33555
DA:526,33555
DA:527,33555
DA:528,33555
DA:529,33555
DA:530,33555
DA:531,48037
DA:534,7241
DA:535,7241
DA:536,7241
DA:537,7241
DA:538,7241
DA:539,7241
DA:540,7241
DA:541,7241
DA:543,7241
DA:544,7241
DA:545,7241
DA:546,7241
DA:547,7241
DA:548,7241
DA:549,7241
DA:550,7241
DA:551,7241
DA:552,7241
DA:553,7241
DA:554,7241
DA:555,7241
DA:559,33555
DA:560,33555
DA:561,33555
DA:562,33555
DA:563,33555
DA:564,33555
DA:566,217255
DA:567,91850
DA:568,91850
DA:569,91850
DA:570,91850
DA:575,33555
DA:576,33555
DA:577,16799
DA:578,16799
DA:580,16799
DA:584,16799
DA:585,16799
DA:588,16756
DA:590,16756
DA:594,16756
DA:595,16756
DA:600,33555
DA:603,33555
DA:604,33555
DA:612,67559
DA:617,67559
DA:619,3179
DA:620,3179
DA:621,64380
DA:622,64380
DA:624,67559
LF:325
LH:323
end_of_record
TN:
SF:/data/tzwang/graphics/MiniGL/kgl_v1/TyGL/image_util.cpp
FN:9,_Z27gl_resizeImageNoInterpolatePhiiS_ii
FNDA:1,_Z27gl_resizeImageNoInterpolatePhiiS_ii
FNF:1
FNH:1
DA:9,1
DA:16,1
DA:17,1
DA:19,1
DA:20,1
DA:22,1
DA:23,257
DA:24,256
DA:25,65792
DA:26,65536
DA:27,65536
DA:28,65536
DA:30,65536
DA:31,65536
DA:32,65536
DA:34,65536
DA:35,65536
DA:37,256
DA:39,1
LF:19
LH:19
end_of_record
TN:
SF:/data/tzwang/graphics/MiniGL/kgl_v1/TyGL/clip.cpp
FN:18,_ZL11gl_clipcodeffff
FN:31,_Z24gl_transform_to_viewportP9GLContextP8GLVertex
FN:70,_Z19gl_vertex_transformP9GLContextP8GLVertex
FN:142,_ZL9clip_xminP2V4S0_S0_
FN:160,_ZL9clip_xmaxP2V4S0_S0_
FN:177,_ZL9clip_yminP2V4S0_S0_
FN:194,_ZL9clip_ymaxP2V4S0_S0_
FN:209,_ZL9clip_zminP2V4S0_S0_
FN:223,_ZL9clip_zmaxP2V4S0_S0_
FN:247,_ZL9updateTmpP9GLContextP8GLVertexS2_S2_f
FN:273,_Z16gl_draw_triangleP9GLContextP8GLVertexS2_S2_
FN:324,_ZL21gl_draw_triangle_clipP9GLContextP8GLVertexS2_S2_i
FNDA:218360,_ZL11gl_clipcodeffff
FNDA:218138,_Z24gl_transform_to_viewportP9GLContextP8GLVertex
FNDA:218046,_Z19gl_vertex_transformP9GLContextP8GLVertex
FNDA:72,_ZL9clip_xminP2V4S0_S0_
FNDA:138,_ZL9clip_xmaxP2V4S0_S0_
FNDA:40,_ZL9clip_yminP2V4S0_S0_
FNDA:64,_ZL9clip_ymaxP2V4S0_S0_
FNDA:0,_ZL9clip_zminP2V4S0_S0_
FNDA:0,_ZL9clip_zmaxP2V4S0_S0_
FNDA:314,_ZL9updateTmpP9GLContextP8GLVertexS2_S2_f
FNDA:72816,_Z16gl_draw_triangleP9GLContextP8GLVertexS2_S2_
FNDA:270,_ZL21gl_draw_triangle_clipP9GLContextP8GLVertexS2_S2_i
FNF:12
FNH:10
DA:18,218360
DA:22,218360
DA:23,436720
DA:24,436720
DA:25,436720
DA:26,436720
DA:27,218360
DA:28,218360
DA:31,218138
DA:36,218138
DA:37,218138
DA:38,218138
DA:39,218138
DA:40,218138
DA:41,218138
DA:42,218138
DA:44,218138
DA:45,218138
DA:46,218138
DA:47,218138
DA:48,218138
DA:49,218138
DA:50,218138
DA:53,0
DA:54,0
DA:55,0
DA:60,218138
DA:61,9558
DA:62,9558
DA:63,9558
DA:64,9558
DA:66,218138
DA:70,218046
DA:75,218046
DA:78,218046
DA:79,436092
DA:80,436092
DA:81,436092
DA:82,436092
DA:83,436092
DA:84,436092
DA:85,436092
DA:86,436092
DA:89,218046
DA:90,436092
DA:91,436092
DA:92,436092
DA:93,436092
DA:94,436092
DA:95,436092
DA:96,436092
DA:97,436092
DA:99,218046
DA:100,218046
DA:102,218046
DA:103,218046
DA:104,218046
DA:106,218046
DA:107,0
DA:112,0
DA:114,0
DA:115,0
DA:116,0
DA:117,0
DA:118,0
DA:119,0
DA:120,0
DA:121,0
DA:123,0
DA:124,0
DA:128,218046
DA:129,218046
DA:142,72
DA:144,72
DA:145,72
DA:146,72
DA:147,72
DA:148,72
DA:149,72
DA:150,0
DA:152,72
DA:153,72
DA:154,72
DA:155,72
DA:156,72
DA:157,72
DA:160,138
DA:161,138
DA:162,138
DA:163,138
DA:164,138
DA:165,138
DA:166,138
DA:167,0
DA:169,138
DA:170,138
DA:171,138
DA:172,138
DA:173,138
DA:174,138
DA:177,40
DA:178,40
DA:179,40
DA:180,40
DA:181,40
DA:182,40
DA:183,40
DA:184,0
DA:186,40
DA:187,40
DA:188,40
DA:189,40
DA:190,40
DA:191,40
DA:194,64
DA:195,64
DA:196,64
DA:197,64
DA:198,64
DA:199,64
DA:200,64
DA:201,64
DA:202,64
DA:203,64
DA:204,64
DA:205,64
DA:206,64
DA:209,0
DA:210,0
DA:211,0
DA:212,0
DA:213,0
DA:214,0
DA:215,0
DA:216,0
DA:217,0
DA:218,0
DA:219,0
DA:220,0
DA:221,0
DA:223,0
DA:224,0
DA:225,0
DA:226,0
DA:227,0
DA:228,0
DA:229,0
DA:230,0
DA:231,0
DA:232,0
DA:233,0
DA:234,0
DA:235,0
DA:247,314
DA:250,314
DA:251,314
DA:252,314
DA:253,314
DA:255,0
DA:256,0
DA:257,0
DA:260,314
DA:261,0
DA:262,0
DA:265,314
DA:266,314
DA:267,170
DA:268,314
DA:273,72816
DA:279,72816
DA:280,72816
DA:281,72816
DA:283,72816
DA:286,72816
DA:288,72750
DA:289,72750
DA:291,77941
DA:293,67559
DA:294,67559
DA:297,67559
DA:299,0
DA:300,0
DA:301,0
DA:302,0
DA:303,0
DA:304,0
DA:306,0
DA:310,67559
DA:311,34303
DA:313,33256
DA:317,66
DA:318,66
DA:319,54
DA:324,270
DA:331,270
DA:332,270
DA:333,270
DA:335,270
DA:336,270
DA:337,112
DA:339,158
DA:341,159
DA:344,263
DA:345,53
DA:349,157
DA:356,0
DA:359,157
DA:360,157
DA:362,157
DA:365,59
DA:366,19
DA:367,18
DA:369,59
DA:370,59
DA:372,59
DA:373,59
DA:375,59
DA:376,59
DA:377,59
DA:378,59
DA:380,59
DA:381,59
DA:382,59
DA:383,59
DA:387,98
DA:388,58
DA:389,30
DA:391,98
DA:392,98
DA:394,98
DA:395,98
DA:397,98
DA:398,98
DA:399,98
LF:234
LH:177
end_of_record
SF:/data/tzwang/graphics/MiniGL/kgl_v1/include/zmath.h
FN:55,_Z10gl_V3_NormP2V3
FNDA:0,_Z10gl_V3_NormP2V3
FNF:1
FNH:0
DA:55,0
DA:58,0
DA:59,0
DA:60,0
DA:61,0
DA:62,0
DA:63,0
LF:7
LH:0
end_of_record
TN:
SF:/data/tzwang/graphics/MiniGL/kgl_v1/TyGL/glx.cpp
FN:15,_Z14glXSwapBuffersv
FNDA:1,_Z14glXSwapBuffersv
FNF:1
FNH:1
DA:15,1
DA:21,1
DA:26,2
DA:27,1
DA:28,1
DA:29,1601
DA:31,1600
DA:32,1600
DA:33,2561600
DA:35,2560000
DA:37,2560000
DA:38,2560000
DA:39,2560000
DA:42,1
DA:43,2
LF:15
LH:15
end_of_record
SF:/data/tzwang/graphics/MiniGL/kgl_v1/include/c24bitmap.h
FN:472,_ZN9C24BitMapC2Ev
FN:482,_ZN9C24BitMapD2Ev
FN:487,_ZN9C24BitMap7FormatFEii
FN:504,_ZN9C24BitMap4SaveEPc
FN:540,_Z13get_pix_colorR9C24BitMapii
FNDA:2,_ZN9C24BitMapC2Ev
FNDA:2,_ZN9C24BitMapD2Ev
FNDA:1,_ZN9C24BitMap7FormatFEii
FNDA:1,_ZN9C24BitMap4SaveEPc
FNDA:2560000,_Z13get_pix_colorR9C24BitMapii
FNF:5
FNH:5
DA:472,2
DA:474,2
DA:475,2
DA:476,2
DA:477,2
DA:478,2
DA:479,2
DA:480,2
DA:482,4
DA:484,2
DA:485,2
DA:487,1
DA:493,1
DA:495,1
DA:496,1
DA:497,1
DA:498,1
DA:499,1
DA:500,1
DA:501,1
DA:502,1
DA:504,1
DA:506,1
DA:507,1
DA:508,1
DA:509,1
DA:510,1
DA:511,1
DA:540,2560000
DA:541,2560000
DA:543,2560000
DA:544,2560000
DA:551,2560000
LF:33
LH:33
end_of_record
SF:/data/tzwang/graphics/MiniGL/kgl_v1/include/zgl.h
FN:343,_Z14gl_get_contextv
FNDA:0,_Z14gl_get_contextv
FNF:1
FNH:0
DA:343,0
DA:345,0
LF:2
LH:0
end_of_record
TN:
SF:/usr/include/c++/5/bits/move.h
FN:47,_ZSt11__addressofI2M4EPT_RS1_
FNDA:48,_ZSt11__addressofI2M4EPT_RS1_
FNF:1
FNH:1
DA:47,48
DA:50,48
LF:2
LH:2
end_of_record
SF:/usr/include/c++/5/bits/stl_algobase.h
FN:219,_ZSt3maxImERKT_S2_S2_
FN:282,_ZSt12__niter_baseIP2M4ENSt11_Niter_baseIT_E13iterator_typeES3_
FN:293,_ZSt12__miter_baseIP2M4ENSt11_Miter_baseIT_E13iterator_typeES3_
FN:545,_ZNSt20__copy_move_backwardILb0ELb0ESt26random_access_iterator_tagE13__copy_move_bIP2M4S4_EET0_T_S6_S5_
FN:593,_ZSt22__copy_move_backward_aILb0EP2M4S1_ET1_T0_S3_S2_
FN:611,_ZSt23__copy_move_backward_a2ILb0EP2M4S1_ET1_T0_S3_S2_
FN:638,_ZSt13copy_backwardIP2M4S1_ET0_T_S3_S2_
FN:697,_ZSt8__fill_aIP2M4S0_EN9__gnu_cxx11__enable_ifIXntsrSt11__is_scalarIT0_E7__valueEvE6__typeET_S9_RKS5_
FN:740,_ZSt4fillIP2M4S0_EvT_S2_RKT0_
FNDA:0,_ZSt3maxImERKT_S2_S2_
FNDA:0,_ZSt12__niter_baseIP2M4ENSt11_Niter_baseIT_E13iterator_typeES3_
FNDA:0,_ZSt12__miter_baseIP2M4ENSt11_Miter_baseIT_E13iterator_typeES3_
FNDA:0,_ZNSt20__copy_move_backwardILb0ELb0ESt26random_access_iterator_tagE13__copy_move_bIP2M4S4_EET0_T_S6_S5_
FNDA:0,_ZSt22__copy_move_backward_aILb0EP2M4S1_ET1_T0_S3_S2_
FNDA:0,_ZSt23__copy_move_backward_a2ILb0EP2M4S1_ET1_T0_S3_S2_
FNDA:0,_ZSt13copy_backwardIP2M4S1_ET0_T_S3_S2_
FNDA:0,_ZSt8__fill_aIP2M4S0_EN9__gnu_cxx11__enable_ifIXntsrSt11__is_scalarIT0_E7__valueEvE6__typeET_S9_RKS5_
FNDA:0,_ZSt4fillIP2M4S0_EvT_S2_RKT0_
FNF:9
FNH:0
DA:219,0
DA:224,0
DA:225,0
DA:226,0
DA:282,0
DA:283,0
DA:293,0
DA:294,0
DA:545,0
DA:548,0
DA:549,0
DA:550,0
DA:593,0
DA:601,0
DA:606,0
DA:611,0
DA:614,0
DA:615,0
DA:638,0
DA:649,0
DA:650,0
DA:697,0
DA:700,0
DA:701,0
DA:702,0
DA:740,0
DA:747,0
DA:749,0
LF:28
LH:0
end_of_record
SF:/usr/include/c++/5/bits/stl_construct.h
FN:79,_ZSt10_ConstructI2M4S0_EvPT_RKT0_
FN:112,_ZNSt12_Destroy_auxILb1EE9__destroyIP2M4EEvT_S4_
FN:122,_ZSt8_DestroyIP2M4EvT_S2_
FN:148,_ZSt8_DestroyIP2M4S0_EvT_S2_RSaIT0_E
FNDA:48,_ZSt10_ConstructI2M4S0_EvPT_RKT0_
FNDA:3,_ZNSt12_Destroy_auxILb1EE9__destroyIP2M4EEvT_S4_
FNDA:3,_ZSt8_DestroyIP2M4EvT_S2_
FNDA:3,_ZSt8_DestroyIP2M4S0_EvT_S2_RSaIT0_E
FNF:4
FNH:4
DA:79,48
DA:83,48
DA:84,48
DA:112,3
DA:122,3
DA:126,3
DA:128,3
DA:148,3
DA:151,3
DA:152,3
LF:10
LH:10
end_of_record
SF:/usr/include/c++/5/bits/stl_iterator.h
FN:740,_ZN9__gnu_cxx17__normal_iteratorIP2M4St6vectorIS1_SaIS1_EEEC2ERKS2_
FN:805,_ZNK9__gnu_cxx17__normal_iteratorIP2M4St6vectorIS1_SaIS1_EEE4baseEv
FN:923,_ZN9__gnu_cxxmiIP2M4St6vectorIS1_SaIS1_EEEENS_17__normal_iteratorIT_T0_E15difference_typeERKS9_SC_
FNDA:6,_ZN9__gnu_cxx17__normal_iteratorIP2M4St6vectorIS1_SaIS1_EEEC2ERKS2_
FNDA:12,_ZNK9__gnu_cxx17__normal_iteratorIP2M4St6vectorIS1_SaIS1_EEE4baseEv
FNDA:3,_ZN9__gnu_cxxmiIP2M4St6vectorIS1_SaIS1_EEEENS_17__normal_iteratorIT_T0_E15difference_typeERKS9_SC_
FNF:3
FNH:3
DA:740,6
DA:741,6
DA:805,12
DA:806,12
DA:923,3
DA:926,3
LF:6
LH:6
end_of_record
SF:/usr/include/c++/5/bits/stl_iterator_base_types.h
FN:215,_ZNSt10_Iter_baseIP2M4Lb0EE7_S_baseES1_
FNDA:0,_ZNSt10_Iter_baseIP2M4Lb0EE7_S_baseES1_
FNF:1
FNH:0
DA:215,0
DA:216,0
LF:2
LH:0
end_of_record
SF:/usr/include/c++/5/bits/stl_uninitialized.h
FN:68,_ZNSt20__uninitialized_copyILb0EE13__uninit_copyIP2M4S3_EET0_T_S5_S4_
FN:107,_ZSt18uninitialized_copyIP2M4S1_ET0_T_S3_S2_
FN:195,_ZNSt22__uninitialized_fill_nILb0EE15__uninit_fill_nIP2M4mS2_EET_S4_T0_RKT1_
FN:236,_ZSt20uninitialized_fill_nIP2M4mS0_ET_S2_T0_RKT1_
FN:279,_ZSt22__uninitialized_copy_aIP2M4S1_S0_ET0_T_S3_S2_RSaIT1_E
FN:286,_ZSt22__uninitialized_move_aIP2M4S1_SaIS0_EET0_T_S4_S3_RT1_
FN:297,_ZSt34__uninitialized_move_if_noexcept_aIP2M4S1_SaIS0_EET0_T_S4_S3_RT1_
FN:356,_ZSt24__uninitialized_fill_n_aIP2M4mS0_S0_ET_S2_T0_RKT1_RSaIT2_E
FNDA:6,_ZNSt20__uninitialized_copyILb0EE13__uninit_copyIP2M4S3_EET0_T_S5_S4_
FNDA:6,_ZSt18uninitialized_copyIP2M4S1_ET0_T_S3_S2_
FNDA:3,_ZNSt22__uninitialized_fill_nILb0EE15__uninit_fill_nIP2M4mS2_EET_S4_T0_RKT1_
FNDA:3,_ZSt20uninitialized_fill_nIP2M4mS0_ET_S2_T0_RKT1_
FNDA:6,_ZSt22__uninitialized_copy_aIP2M4S1_S0_ET0_T_S3_S2_RSaIT1_E
FNDA:0,_ZSt22__uninitialized_move_aIP2M4S1_SaIS0_EET0_T_S4_S3_RT1_
FNDA:6,_ZSt34__uninitialized_move_if_noexcept_aIP2M4S1_SaIS0_EET0_T_S4_S3_RT1_
FNDA:3,_ZSt24__uninitialized_fill_n_aIP2M4mS0_S0_ET_S2_T0_RKT1_RSaIT2_E
FNF:8
FNH:7
DA:68,6
DA:71,6
DA:74,6
DA:75,0
DA:76,6
DA:107,6
DA:115,6
DA:126,6
DA:195,3
DA:198,3
DA:201,99
DA:202,48
DA:203,3
DA:236,3
DA:241,3
DA:247,3
DA:279,6
DA:281,6
DA:286,0
DA:291,0
DA:297,6
DA:304,6
DA:356,3
DA:358,3
LF:24
LH:21
end_of_record
SF:/usr/include/c++/5/bits/stl_vector.h
FN:113,_ZNSt12_Vector_baseI2M4SaIS0_EE19_M_get_Tp_allocatorEv
FN:117,_ZNKSt12_Vector_baseI2M4SaIS0_EE19_M_get_Tp_allocatorEv
FN:167,_ZNSt12_Vector_baseI2M4SaIS0_EE11_M_allocateEm
FN:174,_ZNSt12_Vector_baseI2M4SaIS0_EE13_M_deallocateEPS0_m
FN:547,_ZNSt6vectorI2M4SaIS0_EE5beginEv
FN:565,_ZNSt6vectorI2M4SaIS0_EE3endEv
FN:654,_ZNKSt6vectorI2M4SaIS0_EE4sizeEv
FN:659,_ZNKSt6vectorI2M4SaIS0_EE8max_sizeEv
FN:713,_ZNSt6vectorI2M4SaIS0_EE6resizeEmS0_
FN:779,_ZNSt6vectorI2M4SaIS0_EEixEm
FN:1072,_ZNSt6vectorI2M4SaIS0_EE6insertEN9__gnu_cxx17__normal_iteratorIPS0_S2_EEmRKS0_
FN:1422,_ZNKSt6vectorI2M4SaIS0_EE12_M_check_lenEmPKc
FN:1436,_ZNSt6vectorI2M4SaIS0_EE15_M_erase_at_endEPS0_
FNDA:12,_ZNSt12_Vector_baseI2M4SaIS0_EE19_M_get_Tp_allocatorEv
FNDA:6,_ZNKSt12_Vector_baseI2M4SaIS0_EE19_M_get_Tp_allocatorEv
FNDA:3,_ZNSt12_Vector_baseI2M4SaIS0_EE11_M_allocateEm
FNDA:3,_ZNSt12_Vector_baseI2M4SaIS0_EE13_M_deallocateEPS0_m
FNDA:3,_ZNSt6vectorI2M4SaIS0_EE5beginEv
FNDA:3,_ZNSt6vectorI2M4SaIS0_EE3endEv
FNDA:18,_ZNKSt6vectorI2M4SaIS0_EE4sizeEv
FNDA:6,_ZNKSt6vectorI2M4SaIS0_EE8max_sizeEv
FNDA:3,_ZNSt6vectorI2M4SaIS0_EE6resizeEmS0_
FNDA:3,_ZNSt6vectorI2M4SaIS0_EEixEm
FNDA:3,_ZNSt6vectorI2M4SaIS0_EE6insertEN9__gnu_cxx17__normal_iteratorIPS0_S2_EEmRKS0_
FNDA:3,_ZNKSt6vectorI2M4SaIS0_EE12_M_check_lenEmPKc
FNDA:0,_ZNSt6vectorI2M4SaIS0_EE15_M_erase_at_endEPS0_
FNF:13
FNH:12
DA:113,12
DA:114,12
DA:117,6
DA:118,6
DA:167,3
DA:170,3
DA:174,3
DA:177,3
DA:178,0
DA:179,3
DA:547,3
DA:548,3
DA:565,3
DA:566,3
DA:654,18
DA:655,18
DA:659,6
DA:660,6
DA:713,3
DA:715,3
DA:716,3
DA:717,0
DA:718,0
DA:719,3
DA:779,3
DA:780,3
DA:1072,3
DA:1073,3
DA:1422,3
DA:1424,3
DA:1425,0
DA:1427,3
DA:1428,3
DA:1436,0
DA:1438,0
DA:1439,0
DA:1440,0
LF:37
LH:29
end_of_record
SF:/usr/include/c++/5/bits/vector.tcc
FN:449,_ZNSt6vectorI2M4SaIS0_EE14_M_fill_insertEN9__gnu_cxx17__normal_iteratorIPS0_S2_EEmRKS0_
FNDA:3,_ZNSt6vectorI2M4SaIS0_EE14_M_fill_insertEN9__gnu_cxx17__normal_iteratorIPS0_S2_EEmRKS0_
FNF:1
FNH:1
DA:449,3
DA:452,3
DA:454,6
DA:455,6
DA:457,0
DA:458,0
DA:459,0
DA:460,0
DA:462,0
DA:465,0
DA:466,0
DA:467,0
DA:469,0
DA:474,0
DA:475,0
DA:478,0
DA:479,0
DA:481,0
DA:482,0
DA:483,0
DA:489,3
DA:490,3
DA:491,3
DA:492,3
DA:496,3
DA:498,3
DA:499,3
DA:501,3
DA:503,3
DA:504,3
DA:506,3
DA:508,3
DA:510,3
DA:511,3
DA:513,0
DA:515,0
DA:516,0
DA:517,0
DA:518,0
DA:520,0
DA:521,0
DA:522,0
DA:523,0
DA:525,3
DA:526,3
DA:527,6
DA:529,6
DA:530,3
DA:531,3
DA:532,3
DA:535,3
LF:51
LH:26
end_of_record
SF:/usr/include/c++/5/ext/alloc_traits.h
FN:181,_ZN9__gnu_cxx14__alloc_traitsISaI2M4EE8allocateERS2_m
FN:184,_ZN9__gnu_cxx14__alloc_traitsISaI2M4EE10deallocateERS2_PS1_m
FN:194,_ZN9__gnu_cxx14__alloc_traitsISaI2M4EE8max_sizeERKS2_
FNDA:3,_ZN9__gnu_cxx14__alloc_traitsISaI2M4EE8allocateERS2_m
FNDA:0,_ZN9__gnu_cxx14__alloc_traitsISaI2M4EE10deallocateERS2_PS1_m
FNDA:6,_ZN9__gnu_cxx14__alloc_traitsISaI2M4EE8max_sizeERKS2_
FNF:3
FNH:2
DA:181,3
DA:182,3
DA:184,0
DA:185,0
DA:194,6
DA:195,6
LF:6
LH:4
end_of_record
SF:/usr/include/c++/5/ext/new_allocator.h
FN:99,_ZN9__gnu_cxx13new_allocatorI2M4E8allocateEmPKv
FN:109,_ZN9__gnu_cxx13new_allocatorI2M4E10deallocateEPS1_m
FN:113,_ZNK9__gnu_cxx13new_allocatorI2M4E8max_sizeEv
FNDA:3,_ZN9__gnu_cxx13new_allocatorI2M4E8allocateEmPKv
FNDA:0,_ZN9__gnu_cxx13new_allocatorI2M4E10deallocateEPS1_m
FNDA:9,_ZNK9__gnu_cxx13new_allocatorI2M4E8max_sizeEv
FNF:3
FNH:2
DA:99,3
DA:101,3
DA:102,0
DA:104,3
DA:109,0
DA:110,0
DA:113,9
DA:114,9
LF:8
LH:5
end_of_record
SF:/usr/include/c++/5/new
FN:129,_ZnwmPv
FNDA:0,_ZnwmPv
FNF:1
FNH:0
DA:129,0
DA:130,0
LF:2
LH:0
end_of_record
SF:/data/tzwang/graphics/MiniGL/kgl_v1/TyGL/init.cpp
FN:7,_Z15initSharedStateP9GLContext
FN:17,_Z14endSharedStateP9GLContext
FN:31,_Z6glInitPv
FN:198,_Z7glClosev
FNDA:1,_Z15initSharedStateP9GLContext
FNDA:1,_Z14endSharedStateP9GLContext
FNDA:1,_Z6glInitPv
FNDA:1,_Z7glClosev
FNF:4
FNH:4
DA:7,1
DA:9,1
DA:10,1
DA:12,1
DA:14,1
DA:15,1
DA:17,1
DA:19,1
DA:22,1
DA:25,1
DA:27,1
DA:28,1
DA:31,1
DA:33,1
DA:38,1
DA:39,1
DA:41,1
DA:44,1
DA:45,1
DA:48,1
DA:49,1
DA:50,1
DA:51,1
DA:52,1
DA:53,1
DA:56,1
DA:60,1
DA:61,1
DA:62,1
DA:64,1
DA:67,17
DA:68,16
DA:69,16
DA:70,16
DA:71,16
DA:72,16
DA:73,16
DA:74,16
DA:75,16
DA:76,16
DA:77,16
DA:78,16
DA:79,16
DA:80,16
DA:81,16
DA:83,1
DA:84,1
DA:85,1
DA:86,1
DA:87,1
DA:90,3
DA:91,2
DA:92,2
DA:93,2
DA:94,2
DA:95,2
DA:96,2
DA:98,1
DA:99,1
DA:100,1
DA:103,1
DA:106,1
DA:107,1
DA:108,1
DA:109,1
DA:110,1
DA:111,1
DA:112,1
DA:114,1
DA:115,1
DA:116,1
DA:117,1
DA:119,1
DA:121,1
DA:122,1
DA:123,1
DA:124,1
DA:126,1
DA:127,1
DA:129,1
DA:130,1
DA:131,1
DA:132,1
DA:135,1
DA:136,1
DA:137,1
DA:138,1
DA:139,1
DA:142,1
DA:143,1
DA:144,1
DA:147,1
DA:149,1
DA:150,1
DA:151,1
DA:163,1
DA:164,1
DA:165,1
DA:167,1
DA:168,1
DA:169,1
DA:171,1
DA:172,1
DA:173,1
DA:174,1
DA:175,1
DA:176,1
DA:178,1
DA:181,1
DA:184,1
DA:187,1
DA:190,1
DA:191,1
DA:192,1
DA:195,1
DA:196,1
DA:198,1
DA:200,1
DA:201,1
DA:202,1
DA:203,1
LF:121
LH:121
end_of_record
SF:/data/tzwang/graphics/MiniGL/kgl_v1/include/texture.h
FN:42,_Z14glInitTexturesP9GLContext
FNDA:1,_Z14glInitTexturesP9GLContext
FNF:1
FNH:1
DA:42,1
DA:46,1
DA:47,1
DA:48,1
LF:4
LH:4
end_of_record
SF:/data/tzwang/graphics/MiniGL/kgl_v1/include/zgl.h
FN:343,_Z14gl_get_contextv
FN:351,_Z7gl_freePv
FN:356,_Z9gl_malloci
FN:363,_Z9gl_zalloci
FNDA:0,_Z14gl_get_contextv
FNDA:0,_Z7gl_freePv
FNDA:0,_Z9gl_malloci
FNDA:0,_Z9gl_zalloci
FNF:4
FNH:0
DA:343,0
DA:345,0
DA:351,0
DA:353,0
DA:354,0
DA:356,0
DA:358,0
DA:359,0
DA:360,0
DA:363,0
DA:365,0
LF:11
LH:0
end_of_record
SF:/data/tzwang/graphics/MiniGL/kgl_v1/include/zmath.h
FN:32,_ZN2M4C2Ev
FN:66,_Z9gl_V3_Newfff
FN:75,_Z9gl_V4_Newffff
FNDA:0,_ZN2M4C2Ev
FNDA:48,_Z9gl_V3_Newfff
FNDA:73,_Z9gl_V4_Newffff
FNF:3
FNH:2
DA:32,0
DA:66,48
DA:69,48
DA:70,48
DA:71,48
DA:72,48
DA:75,73
DA:78,73
DA:79,73
DA:80,73
DA:81,73
DA:82,73
LF:12
LH:11
end_of_record
TN:
SF:/data/tzwang/graphics/MiniGL/kgl_v1/TyGL/kh_project.cpp
FN:10,_ZL18__gluMakeIdentityfPf
FN:25,_ZL9normalizePf
FN:37,_ZL5crossPfS_S_
FN:47,_Z12glTranslatedddd
FN:56,_Z9gluLookAtddddddddd
FNDA:1,_ZL18__gluMakeIdentityfPf
FNDA:2,_ZL9normalizePf
FNDA:2,_ZL5crossPfS_S_
FNDA:1,_Z12glTranslatedddd
FNDA:1,_Z9gluLookAtddddddddd
FNF:5
FNH:5
DA:10,1
DA:12,1
DA:13,1
DA:14,1
DA:15,1
DA:16,1
DA:25,2
DA:29,2
DA:30,2
DA:32,2
DA:33,2
DA:34,2
DA:37,2
DA:39,2
DA:40,2
DA:41,2
DA:42,2
DA:47,1
DA:50,1
DA:51,1
DA:56,1
DA:63,1
DA:64,1
DA:65,1
DA:67,1
DA:68,1
DA:69,1
DA:71,1
DA:74,1
DA:75,1
DA:78,1
DA:80,1
DA:81,1
DA:82,1
DA:83,1
DA:85,1
DA:86,1
DA:87,1
DA:89,1
DA:90,1
DA:91,1
DA:93,1
DA:94,1
DA:95,1
LF:44
LH:44
end_of_record
