TN:
SF:/disk2/graphdev/MiniGL/TyGL/api.cpp
FN:7,_Z16gl_matrix_updateP9GLContext
FN:12,_Z16gl_eval_viewportP9GLContext
FN:29,_Z10glVertex4fffff
FN:157,_Z10glVertex3ffff
FN:162,_Z11glVertex3fvPf
FN:169,_Z10glNormal3ffff
FN:182,_Z9glColor4fffff
FN:212,_Z9glColor3ffff
FN:221,_Z12glTexCoord4fffff
FN:230,_Z12glTexCoord2fff
FN:237,_Z16GL_EnableDisableP9GLContextP7GLParam
FN:273,_Z8glEnablei
FN:286,_Z9glDisablei
FN:299,_Z7glBegini
FN:360,_Z5glEndv
FN:380,_Z12glMatrixModei
FN:402,_Z14glLoadIdentityv
FN:412,_Z13glMultMatrixfPKf
FN:441,_Z12glPushMatrixv
FN:457,_Z11glPopMatrixv
FN:468,_Z9glRotatefffff
FN:540,_Z12glTranslateffff
FN:559,_Z8glScaleffff
FN:577,_Z10glViewportiiii
FN:622,_Z9glFrustumdddddd
FN:649,_Z14gluPerspectivedddd
FN:665,_Z12glMaterialfviiPf
FN:717,_Z11glMaterialfiif
FN:788,_Z9glLightfviiPf
FN:871,_Z12glTexImage2DiiiiiiiiPv
FN:913,_Z13alloc_textureP9GLContexti
FN:931,_Z12find_textureP9GLContexti
FN:943,_Z13glBindTextureii
FNDA:28,_Z16gl_matrix_updateP9GLContext
FNDA:2,_Z16gl_eval_viewportP9GLContext
FNDA:436092,_Z10glVertex4fffff
FNDA:435828,_Z10glVertex3ffff
FNDA:264,_Z11glVertex3fvPf
FNDA:435822,_Z10glNormal3ffff
FNDA:2,_Z9glColor4fffff
FNDA:2,_Z9glColor3ffff
FNDA:19116,_Z12glTexCoord4fffff
FNDA:19116,_Z12glTexCoord2fff
FNDA:26,_Z16GL_EnableDisableP9GLContextP7GLParam
FNDA:24,_Z8glEnablei
FNDA:2,_Z9glDisablei
FNDA:72,_Z7glBegini
FNDA:72,_Z5glEndv
FNDA:16,_Z12glMatrixModei
FNDA:16,_Z14glLoadIdentityv
FNDA:2,_Z13glMultMatrixfPKf
FNDA:0,_Z12glPushMatrixv
FNDA:0,_Z11glPopMatrixv
FNDA:0,_Z9glRotatefffff
FNDA:2,_Z12glTranslateffff
FNDA:2,_Z8glScaleffff
FNDA:6,_Z10glViewportiiii
FNDA:6,_Z9glFrustumdddddd
FNDA:6,_Z14gluPerspectivedddd
FNDA:24,_Z12glMaterialfviiPf
FNDA:8,_Z11glMaterialfiif
FNDA:12,_Z9glLightfviiPf
FNDA:2,_Z12glTexImage2DiiiiiiiiPv
FNDA:4,_Z13alloc_textureP9GLContexti
FNDA:6,_Z12find_textureP9GLContexti
FNDA:4,_Z13glBindTextureii
FNF:33
FNH:30
DA:7,28
DA:9,28
DA:10,28
DA:12,2
DA:15,2
DA:16,2
DA:18,2
DA:20,2
DA:21,2
DA:22,2
DA:24,2
DA:25,2
DA:26,2
DA:27,2
DA:29,436092
DA:31,436092
DA:36,436092
DA:38,436092
DA:39,436092
DA:40,436092
DA:41,436092
DA:44,436092
DA:46,0
DA:47,0
DA:48,0
DA:49,0
DA:51,0
DA:52,0
DA:53,0
DA:56,436092
DA:57,436092
DA:59,436092
DA:60,436092
DA:61,436092
DA:62,436092
DA:64,436092
DA:68,436092
DA:69,436092
DA:71,0
DA:76,436092
DA:77,19116
DA:78,0
DA:80,19116
DA:84,436092
DA:85,435936
DA:89,436092
DA:91,436092
DA:97,435828
DA:98,145276
DA:99,145276
DA:101,435828
DA:127,0
DA:128,0
DA:129,0
DA:130,0
DA:131,0
DA:132,0
DA:133,0
DA:135,0
DA:152,436092
DA:154,436092
DA:157,435828
DA:159,435828
DA:160,435828
DA:162,264
DA:164,264
DA:165,264
DA:169,435822
DA:171,435822
DA:172,435822
DA:173,435822
DA:174,435822
DA:175,435822
DA:176,435822
DA:182,2
DA:184,2
DA:186,2
DA:187,2
DA:188,2
DA:189,2
DA:190,2
DA:191,2
DA:192,2
DA:193,2
DA:194,2
DA:195,2
DA:197,2
DA:200,2
DA:201,2
DA:202,2
DA:203,2
DA:204,2
DA:205,2
DA:206,2
DA:208,2
DA:212,2
DA:214,2
DA:215,2
DA:221,19116
DA:223,19116
DA:224,19116
DA:225,19116
DA:226,19116
DA:227,19116
DA:228,19116
DA:230,19116
DA:232,19116
DA:233,19116
DA:237,26
DA:239,26
DA:240,26
DA:242,26
DA:244,0
DA:245,0
DA:247,4
DA:248,4
DA:250,4
DA:251,4
DA:253,6
DA:254,6
DA:256,0
DA:257,0
DA:259,2
DA:260,2
DA:263,10
DA:264,10
DA:266,10
DA:268,26
DA:273,24
DA:278,24
DA:279,24
DA:281,24
DA:282,24
DA:284,24
DA:286,2
DA:290,2
DA:291,2
DA:293,2
DA:294,2
DA:295,2
DA:299,72
DA:301,72
DA:304,72
DA:306,72
DA:308,72
DA:309,72
DA:310,72
DA:311,72
DA:312,72
DA:314,72
DA:316,4
DA:318,4
DA:319,4
DA:321,0
DA:323,0
DA:325,0
DA:327,0
DA:328,0
DA:329,0
DA:333,4
DA:335,4
DA:338,72
DA:339,2
DA:340,2
DA:344,72
DA:347,72
DA:348,72
DA:351,72
DA:354,72
DA:355,72
DA:358,72
DA:360,72
DA:362,72
DA:365,72
DA:367,72
DA:368,66
DA:369,330
DA:370,132
DA:371,132
DA:374,72
DA:375,72
DA:380,16
DA:382,16
DA:385,16
DA:387,8
DA:388,8
DA:390,6
DA:391,6
DA:393,2
DA:394,2
DA:396,0
DA:398,16
DA:402,16
DA:404,16
DA:407,16
DA:409,16
DA:410,16
DA:412,2
DA:414,2
DA:419,2
DA:422,2
DA:426,2
DA:428,10
DA:429,8
DA:430,8
DA:431,8
DA:432,8
DA:433,8
DA:436,2
DA:438,2
DA:439,2
DA:441,0
DA:443,0
DA:446,0
DA:450,0
DA:452,0
DA:454,0
DA:455,0
DA:457,0
DA:459,0
DA:461,0
DA:464,0
DA:465,0
DA:466,0
DA:468,0
DA:470,0
DA:472,0
DA:477,0
DA:478,0
DA:479,0
DA:480,0
DA:483,0
DA:485,0
DA:487,0
DA:488,0
DA:490,0
DA:491,0
DA:492,0
DA:494,0
DA:495,0
DA:496,0
DA:498,0
DA:499,0
DA:500,0
DA:506,0
DA:507,0
DA:508,0
DA:509,0
DA:510,0
DA:511,0
DA:514,0
DA:515,0
DA:518,0
DA:519,0
DA:520,0
DA:523,0
DA:524,0
DA:525,0
DA:526,0
DA:527,0
DA:528,0
DA:529,0
DA:530,0
DA:531,0
DA:535,0
DA:537,0
DA:540,2
DA:542,2
DA:549,2
DA:551,2
DA:552,2
DA:553,2
DA:554,2
DA:556,2
DA:557,2
DA:559,2
DA:561,2
DA:567,2
DA:569,2
DA:570,2
DA:571,2
DA:572,2
DA:573,2
DA:574,2
DA:577,6
DA:579,6
DA:585,6
DA:586,6
DA:587,6
DA:591,12
DA:592,12
DA:593,10
DA:594,4
DA:596,2
DA:597,2
DA:599,2
DA:600,0
DA:601,0
DA:604,2
DA:605,2
DA:606,2
DA:607,0
DA:612,2
DA:613,2
DA:614,2
DA:615,2
DA:617,2
DA:619,6
DA:622,6
DA:625,6
DA:627,6
DA:631,6
DA:632,6
DA:633,6
DA:634,6
DA:635,6
DA:636,6
DA:638,6
DA:639,6
DA:640,6
DA:641,6
DA:642,6
DA:644,6
DA:646,6
DA:647,6
DA:649,6
DA:654,6
DA:655,6
DA:657,6
DA:658,6
DA:660,6
DA:661,6
DA:665,24
DA:667,24
DA:670,24
DA:671,24
DA:672,24
DA:675,24
DA:676,24
DA:677,24
DA:681,24
DA:682,24
DA:683,24
DA:684,24
DA:686,24
DA:687,0
DA:689,24
DA:691,24
DA:693,0
DA:694,0
DA:696,8
DA:697,8
DA:699,8
DA:700,8
DA:702,8
DA:703,8
DA:705,0
DA:706,0
DA:707,0
DA:709,0
DA:710,0
DA:711,0
DA:713,0
DA:715,24
DA:717,8
DA:719,8
DA:724,8
DA:725,8
DA:726,8
DA:727,8
DA:731,8
DA:732,8
DA:733,8
DA:734,8
DA:740,8
DA:741,8
DA:742,8
DA:743,8
DA:745,8
DA:746,8
DA:748,8
DA:750,0
DA:751,0
DA:752,0
DA:754,0
DA:755,0
DA:756,0
DA:758,0
DA:759,0
DA:760,0
DA:762,0
DA:763,0
DA:764,0
DA:766,8
DA:767,8
DA:768,8
DA:770,0
DA:771,0
DA:772,0
DA:773,0
DA:774,0
DA:776,0
DA:778,8
DA:788,12
DA:789,12
DA:794,12
DA:795,12
DA:797,12
DA:804,12
DA:806,12
DA:808,12
DA:810,12
DA:812,0
DA:813,0
DA:815,0
DA:816,0
DA:818,0
DA:819,0
DA:823,6
DA:825,6
DA:827,6
DA:828,0
DA:829,0
DA:830,0
DA:832,0
DA:835,6
DA:837,24
DA:838,18
DA:839,18
DA:841,6
DA:842,6
DA:844,0
DA:845,0
DA:848,0
DA:849,0
DA:850,0
DA:851,0
DA:853,0
DA:855,0
DA:856,0
DA:858,0
DA:859,0
DA:861,0
DA:862,0
DA:864,0
DA:866,12
DA:871,2
DA:875,2
DA:882,2
DA:883,2
DA:884,2
DA:885,0
DA:888,2
DA:889,2
DA:890,2
DA:892,2
DA:893,2
DA:894,2
DA:895,2
DA:897,0
DA:900,2
DA:901,2
DA:902,2
DA:903,2
DA:905,2
DA:906,2
DA:907,2
DA:910,2
DA:911,2
DA:913,4
DA:917,4
DA:919,4
DA:921,4
DA:922,4
DA:923,4
DA:924,4
DA:926,4
DA:928,4
DA:931,6
DA:935,6
DA:936,6
DA:937,4
DA:938,0
DA:940,2
DA:943,4
DA:945,4
DA:951,4
DA:953,4
DA:954,4
DA:955,2
DA:957,4
DA:958,4
LF:492
LH:351
end_of_record
SF:/disk2/graphdev/MiniGL/include/zgl.h
FN:343,_Z14gl_get_contextv
FN:351,_Z7gl_freePv
FN:356,_Z9gl_malloci
FN:363,_Z9gl_zalloci
FNDA:891312,_Z14gl_get_contextv
FNDA:8,_Z7gl_freePv
FNDA:14,_Z9gl_malloci
FNDA:10,_Z9gl_zalloci
FNF:4
FNH:4
DA:343,891312
DA:345,891312
DA:351,8
DA:353,8
DA:354,8
DA:356,14
DA:358,14
DA:359,14
DA:360,14
DA:363,10
DA:365,10
LF:11
LH:11
end_of_record
SF:/disk2/graphdev/MiniGL/include/zmath.h
FN:32,_ZN2M4C2Ev
FN:55,_Z10gl_V3_NormP2V3
FN:90,_ZN2M48gl_M4_IdEPS_
FN:98,_ZN2M410gl_M4_IsIdEPS_
FN:110,_ZN2M49gl_M4_MulEPS_S0_S0_
FN:123,_ZN2M413gl_M4_MulLeftEPS_S0_
FN:141,_ZN2M410gl_M4_MoveEPS_S0_
FN:156,_ZN2M411gl_M4_MulV4EP2V4PS_S1_
FN:165,_ZN2M415gl_M4_TransposeEPS_S0_
FN:206,_Z10Matrix_InvPfS_i
FN:266,_ZN2M49gl_M4_InvEPS_S0_
FN:274,_ZN2M412gl_M4_RotateEPS_fi
FNDA:98,_ZN2M4C2Ev
FNDA:6,_Z10gl_V3_NormP2V3
FNDA:16,_ZN2M48gl_M4_IdEPS_
FNDA:4,_ZN2M410gl_M4_IsIdEPS_
FNDA:0,_ZN2M49gl_M4_MulEPS_S0_S0_
FNDA:8,_ZN2M413gl_M4_MulLeftEPS_S0_
FNDA:0,_ZN2M410gl_M4_MoveEPS_S0_
FNDA:6,_ZN2M411gl_M4_MulV4EP2V4PS_S1_
FNDA:4,_ZN2M415gl_M4_TransposeEPS_S0_
FNDA:4,_Z10Matrix_InvPfS_i
FNDA:4,_ZN2M49gl_M4_InvEPS_S0_
FNDA:0,_ZN2M412gl_M4_RotateEPS_fi
FNF:12
FNH:9
DA:32,98
DA:55,6
DA:58,6
DA:59,6
DA:60,6
DA:61,6
DA:62,6
DA:63,6
DA:90,16
DA:93,80
DA:94,320
DA:95,256
DA:96,16
DA:98,4
DA:101,20
DA:102,80
DA:103,64
DA:104,16
DA:105,48
DA:107,4
DA:110,0
DA:114,0
DA:115,0
DA:116,0
DA:117,0
DA:118,0
DA:120,0
DA:123,8
DA:127,8
DA:131,8
DA:133,40
DA:134,160
DA:135,128
DA:136,128
DA:137,128
DA:139,8
DA:141,0
DA:143,0
DA:144,0
DA:156,6
DA:158,6
DA:159,6
DA:160,6
DA:161,6
DA:162,6
DA:165,4
DA:167,4
DA:168,4
DA:169,4
DA:170,4
DA:172,4
DA:173,4
DA:174,4
DA:175,4
DA:177,4
DA:178,4
DA:179,4
DA:180,4
DA:182,4
DA:183,4
DA:184,4
DA:185,4
DA:186,4
DA:206,4
DA:212,4
DA:213,4
DA:215,20
DA:218,16
DA:219,16
DA:220,40
DA:221,24
DA:222,0
DA:223,0
DA:227,16
DA:231,16
DA:232,0
DA:233,0
DA:234,0
DA:235,0
DA:237,0
DA:238,0
DA:239,0
DA:244,16
DA:245,80
DA:246,64
DA:247,64
DA:251,80
DA:252,48
DA:253,240
DA:254,192
DA:255,192
DA:260,4
DA:266,4
DA:268,4
DA:269,4
DA:271,4
DA:272,4
DA:274,0
DA:278,0
DA:279,0
DA:280,0
DA:281,0
DA:282,0
DA:283,0
DA:284,0
DA:285,0
LF:106
LH:78
end_of_record
TN:
SF:/usr/include/c++/5/bits/move.h
FN:47,_ZSt11__addressofI2M4EPT_RS1_
FNDA:96,_ZSt11__addressofI2M4EPT_RS1_
FNF:1
FNH:1
DA:47,96
DA:50,96
LF:2
LH:2
end_of_record
SF:/usr/include/c++/5/bits/stl_algobase.h
FN:219,_ZSt3maxImERKT_S2_S2_
FN:282,_ZSt12__niter_baseIP2M4ENSt11_Niter_baseIT_E13iterator_typeES3_
FN:293,_ZSt12__miter_baseIP2M4ENSt11_Miter_baseIT_E13iterator_typeES3_
FN:545,_ZNSt20__copy_move_backwardILb0ELb0ESt26random_access_iterator_tagE13__copy_move_bIP2M4S4_EET0_T_S6_S5_
FN:593,_ZSt22__copy_move_backward_aILb0EP2M4S1_ET1_T0_S3_S2_
FN:611,_ZSt23__copy_move_backward_a2ILb0EP2M4S1_ET1_T0_S3_S2_
FN:638,_ZSt13copy_backwardIP2M4S1_ET0_T_S3_S2_
FN:697,_ZSt8__fill_aIP2M4S0_EN9__gnu_cxx11__enable_ifIXntsrSt11__is_scalarIT0_E7__valueEvE6__typeET_S9_RKS5_
FN:740,_ZSt4fillIP2M4S0_EvT_S2_RKT0_
FNDA:0,_ZSt3maxImERKT_S2_S2_
FNDA:0,_ZSt12__niter_baseIP2M4ENSt11_Niter_baseIT_E13iterator_typeES3_
FNDA:0,_ZSt12__miter_baseIP2M4ENSt11_Miter_baseIT_E13iterator_typeES3_
FNDA:0,_ZNSt20__copy_move_backwardILb0ELb0ESt26random_access_iterator_tagE13__copy_move_bIP2M4S4_EET0_T_S6_S5_
FNDA:0,_ZSt22__copy_move_backward_aILb0EP2M4S1_ET1_T0_S3_S2_
FNDA:0,_ZSt23__copy_move_backward_a2ILb0EP2M4S1_ET1_T0_S3_S2_
FNDA:0,_ZSt13copy_backwardIP2M4S1_ET0_T_S3_S2_
FNDA:0,_ZSt8__fill_aIP2M4S0_EN9__gnu_cxx11__enable_ifIXntsrSt11__is_scalarIT0_E7__valueEvE6__typeET_S9_RKS5_
FNDA:0,_ZSt4fillIP2M4S0_EvT_S2_RKT0_
FNF:9
FNH:0
DA:219,0
DA:224,0
DA:225,0
DA:226,0
DA:282,0
DA:283,0
DA:293,0
DA:294,0
DA:545,0
DA:548,0
DA:549,0
DA:550,0
DA:593,0
DA:601,0
DA:606,0
DA:611,0
DA:614,0
DA:615,0
DA:638,0
DA:649,0
DA:650,0
DA:697,0
DA:700,0
DA:701,0
DA:702,0
DA:740,0
DA:747,0
DA:749,0
LF:28
LH:0
end_of_record
SF:/usr/include/c++/5/bits/stl_construct.h
FN:79,_ZSt10_ConstructI2M4S0_EvPT_RKT0_
FN:112,_ZNSt12_Destroy_auxILb1EE9__destroyIP2M4EEvT_S4_
FN:122,_ZSt8_DestroyIP2M4EvT_S2_
FN:148,_ZSt8_DestroyIP2M4S0_EvT_S2_RSaIT0_E
FNDA:96,_ZSt10_ConstructI2M4S0_EvPT_RKT0_
FNDA:6,_ZNSt12_Destroy_auxILb1EE9__destroyIP2M4EEvT_S4_
FNDA:6,_ZSt8_DestroyIP2M4EvT_S2_
FNDA:6,_ZSt8_DestroyIP2M4S0_EvT_S2_RSaIT0_E
FNF:4
FNH:4
DA:79,96
DA:83,96
DA:84,96
DA:112,6
DA:122,6
DA:126,6
DA:128,6
DA:148,6
DA:151,6
DA:152,6
LF:10
LH:10
end_of_record
SF:/usr/include/c++/5/bits/stl_iterator.h
FN:740,_ZN9__gnu_cxx17__normal_iteratorIP2M4St6vectorIS1_SaIS1_EEEC2ERKS2_
FN:805,_ZNK9__gnu_cxx17__normal_iteratorIP2M4St6vectorIS1_SaIS1_EEE4baseEv
FN:923,_ZN9__gnu_cxxmiIP2M4St6vectorIS1_SaIS1_EEEENS_17__normal_iteratorIT_T0_E15difference_typeERKS9_SC_
FNDA:12,_ZN9__gnu_cxx17__normal_iteratorIP2M4St6vectorIS1_SaIS1_EEEC2ERKS2_
FNDA:24,_ZNK9__gnu_cxx17__normal_iteratorIP2M4St6vectorIS1_SaIS1_EEE4baseEv
FNDA:6,_ZN9__gnu_cxxmiIP2M4St6vectorIS1_SaIS1_EEEENS_17__normal_iteratorIT_T0_E15difference_typeERKS9_SC_
FNF:3
FNH:3
DA:740,12
DA:741,12
DA:805,24
DA:806,24
DA:923,6
DA:926,6
LF:6
LH:6
end_of_record
SF:/usr/include/c++/5/bits/stl_iterator_base_types.h
FN:215,_ZNSt10_Iter_baseIP2M4Lb0EE7_S_baseES1_
FNDA:0,_ZNSt10_Iter_baseIP2M4Lb0EE7_S_baseES1_
FNF:1
FNH:0
DA:215,0
DA:216,0
LF:2
LH:0
end_of_record
SF:/usr/include/c++/5/bits/stl_uninitialized.h
FN:68,_ZNSt20__uninitialized_copyILb0EE13__uninit_copyIP2M4S3_EET0_T_S5_S4_
FN:107,_ZSt18uninitialized_copyIP2M4S1_ET0_T_S3_S2_
FN:195,_ZNSt22__uninitialized_fill_nILb0EE15__uninit_fill_nIP2M4mS2_EET_S4_T0_RKT1_
FN:236,_ZSt20uninitialized_fill_nIP2M4mS0_ET_S2_T0_RKT1_
FN:279,_ZSt22__uninitialized_copy_aIP2M4S1_S0_ET0_T_S3_S2_RSaIT1_E
FN:286,_ZSt22__uninitialized_move_aIP2M4S1_SaIS0_EET0_T_S4_S3_RT1_
FN:297,_ZSt34__uninitialized_move_if_noexcept_aIP2M4S1_SaIS0_EET0_T_S4_S3_RT1_
FN:356,_ZSt24__uninitialized_fill_n_aIP2M4mS0_S0_ET_S2_T0_RKT1_RSaIT2_E
FNDA:12,_ZNSt20__uninitialized_copyILb0EE13__uninit_copyIP2M4S3_EET0_T_S5_S4_
FNDA:12,_ZSt18uninitialized_copyIP2M4S1_ET0_T_S3_S2_
FNDA:6,_ZNSt22__uninitialized_fill_nILb0EE15__uninit_fill_nIP2M4mS2_EET_S4_T0_RKT1_
FNDA:6,_ZSt20uninitialized_fill_nIP2M4mS0_ET_S2_T0_RKT1_
FNDA:12,_ZSt22__uninitialized_copy_aIP2M4S1_S0_ET0_T_S3_S2_RSaIT1_E
FNDA:0,_ZSt22__uninitialized_move_aIP2M4S1_SaIS0_EET0_T_S4_S3_RT1_
FNDA:12,_ZSt34__uninitialized_move_if_noexcept_aIP2M4S1_SaIS0_EET0_T_S4_S3_RT1_
FNDA:6,_ZSt24__uninitialized_fill_n_aIP2M4mS0_S0_ET_S2_T0_RKT1_RSaIT2_E
FNF:8
FNH:7
DA:68,12
DA:71,12
DA:74,12
DA:75,0
DA:76,12
DA:107,12
DA:115,12
DA:126,12
DA:195,6
DA:198,6
DA:201,198
DA:202,96
DA:203,6
DA:236,6
DA:241,6
DA:247,6
DA:279,12
DA:281,12
DA:286,0
DA:291,0
DA:297,12
DA:304,12
DA:356,6
DA:358,6
LF:24
LH:21
end_of_record
SF:/usr/include/c++/5/bits/stl_vector.h
FN:113,_ZNSt12_Vector_baseI2M4SaIS0_EE19_M_get_Tp_allocatorEv
FN:117,_ZNKSt12_Vector_baseI2M4SaIS0_EE19_M_get_Tp_allocatorEv
FN:167,_ZNSt12_Vector_baseI2M4SaIS0_EE11_M_allocateEm
FN:174,_ZNSt12_Vector_baseI2M4SaIS0_EE13_M_deallocateEPS0_m
FN:547,_ZNSt6vectorI2M4SaIS0_EE5beginEv
FN:565,_ZNSt6vectorI2M4SaIS0_EE3endEv
FN:654,_ZNKSt6vectorI2M4SaIS0_EE4sizeEv
FN:659,_ZNKSt6vectorI2M4SaIS0_EE8max_sizeEv
FN:713,_ZNSt6vectorI2M4SaIS0_EE6resizeEmS0_
FN:779,_ZNSt6vectorI2M4SaIS0_EEixEm
FN:1072,_ZNSt6vectorI2M4SaIS0_EE6insertEN9__gnu_cxx17__normal_iteratorIPS0_S2_EEmRKS0_
FN:1422,_ZNKSt6vectorI2M4SaIS0_EE12_M_check_lenEmPKc
FN:1436,_ZNSt6vectorI2M4SaIS0_EE15_M_erase_at_endEPS0_
FNDA:24,_ZNSt12_Vector_baseI2M4SaIS0_EE19_M_get_Tp_allocatorEv
FNDA:12,_ZNKSt12_Vector_baseI2M4SaIS0_EE19_M_get_Tp_allocatorEv
FNDA:6,_ZNSt12_Vector_baseI2M4SaIS0_EE11_M_allocateEm
FNDA:6,_ZNSt12_Vector_baseI2M4SaIS0_EE13_M_deallocateEPS0_m
FNDA:6,_ZNSt6vectorI2M4SaIS0_EE5beginEv
FNDA:6,_ZNSt6vectorI2M4SaIS0_EE3endEv
FNDA:36,_ZNKSt6vectorI2M4SaIS0_EE4sizeEv
FNDA:12,_ZNKSt6vectorI2M4SaIS0_EE8max_sizeEv
FNDA:6,_ZNSt6vectorI2M4SaIS0_EE6resizeEmS0_
FNDA:6,_ZNSt6vectorI2M4SaIS0_EEixEm
FNDA:6,_ZNSt6vectorI2M4SaIS0_EE6insertEN9__gnu_cxx17__normal_iteratorIPS0_S2_EEmRKS0_
FNDA:6,_ZNKSt6vectorI2M4SaIS0_EE12_M_check_lenEmPKc
FNDA:0,_ZNSt6vectorI2M4SaIS0_EE15_M_erase_at_endEPS0_
FNF:13
FNH:12
DA:113,24
DA:114,24
DA:117,12
DA:118,12
DA:167,6
DA:170,6
DA:174,6
DA:177,6
DA:178,0
DA:179,6
DA:547,6
DA:548,6
DA:565,6
DA:566,6
DA:654,36
DA:655,36
DA:659,12
DA:660,12
DA:713,6
DA:715,6
DA:716,6
DA:717,0
DA:718,0
DA:719,6
DA:779,6
DA:780,6
DA:1072,6
DA:1073,6
DA:1422,6
DA:1424,6
DA:1425,0
DA:1427,6
DA:1428,6
DA:1436,0
DA:1438,0
DA:1439,0
DA:1440,0
LF:37
LH:29
end_of_record
SF:/usr/include/c++/5/bits/vector.tcc
FN:449,_ZNSt6vectorI2M4SaIS0_EE14_M_fill_insertEN9__gnu_cxx17__normal_iteratorIPS0_S2_EEmRKS0_
FNDA:6,_ZNSt6vectorI2M4SaIS0_EE14_M_fill_insertEN9__gnu_cxx17__normal_iteratorIPS0_S2_EEmRKS0_
FNF:1
FNH:1
DA:449,6
DA:452,6
DA:454,12
DA:455,12
DA:457,0
DA:458,0
DA:459,0
DA:460,0
DA:462,0
DA:465,0
DA:466,0
DA:467,0
DA:469,0
DA:474,0
DA:475,0
DA:478,0
DA:479,0
DA:481,0
DA:482,0
DA:483,0
DA:489,6
DA:490,6
DA:491,6
DA:492,6
DA:496,6
DA:498,6
DA:499,6
DA:501,6
DA:503,6
DA:504,6
DA:506,6
DA:508,6
DA:510,6
DA:511,6
DA:513,0
DA:515,0
DA:516,0
DA:517,0
DA:518,0
DA:520,0
DA:521,0
DA:522,0
DA:523,0
DA:525,6
DA:526,6
DA:527,12
DA:529,12
DA:530,6
DA:531,6
DA:532,6
DA:535,6
LF:51
LH:26
end_of_record
SF:/usr/include/c++/5/ext/alloc_traits.h
FN:181,_ZN9__gnu_cxx14__alloc_traitsISaI2M4EE8allocateERS2_m
FN:184,_ZN9__gnu_cxx14__alloc_traitsISaI2M4EE10deallocateERS2_PS1_m
FN:194,_ZN9__gnu_cxx14__alloc_traitsISaI2M4EE8max_sizeERKS2_
FNDA:6,_ZN9__gnu_cxx14__alloc_traitsISaI2M4EE8allocateERS2_m
FNDA:0,_ZN9__gnu_cxx14__alloc_traitsISaI2M4EE10deallocateERS2_PS1_m
FNDA:12,_ZN9__gnu_cxx14__alloc_traitsISaI2M4EE8max_sizeERKS2_
FNF:3
FNH:2
DA:181,6
DA:182,6
DA:184,0
DA:185,0
DA:194,12
DA:195,12
LF:6
LH:4
end_of_record
SF:/usr/include/c++/5/ext/new_allocator.h
FN:99,_ZN9__gnu_cxx13new_allocatorI2M4E8allocateEmPKv
FN:109,_ZN9__gnu_cxx13new_allocatorI2M4E10deallocateEPS1_m
FN:113,_ZNK9__gnu_cxx13new_allocatorI2M4E8max_sizeEv
FNDA:6,_ZN9__gnu_cxx13new_allocatorI2M4E8allocateEmPKv
FNDA:0,_ZN9__gnu_cxx13new_allocatorI2M4E10deallocateEPS1_m
FNDA:18,_ZNK9__gnu_cxx13new_allocatorI2M4E8max_sizeEv
FNF:3
FNH:2
DA:99,6
DA:101,6
DA:102,0
DA:104,6
DA:109,0
DA:110,0
DA:113,18
DA:114,18
LF:8
LH:5
end_of_record
SF:/usr/include/c++/5/new
FN:129,_ZnwmPv
FNDA:0,_ZnwmPv
FNF:1
FNH:0
DA:129,0
DA:130,0
LF:2
LH:0
end_of_record
SF:/disk2/graphdev/MiniGL/TyGL/init.cpp
FN:7,_Z15initSharedStateP9GLContext
FN:17,_Z14endSharedStateP9GLContext
FN:31,_Z6glInitPv
FN:198,_Z7glClosev
FNDA:2,_Z15initSharedStateP9GLContext
FNDA:2,_Z14endSharedStateP9GLContext
FNDA:2,_Z6glInitPv
FNDA:2,_Z7glClosev
FNF:4
FNH:4
DA:7,2
DA:9,2
DA:10,2
DA:12,2
DA:14,2
DA:15,2
DA:17,2
DA:19,2
DA:22,2
DA:25,2
DA:27,2
DA:28,2
DA:31,2
DA:33,2
DA:38,2
DA:39,2
DA:41,2
DA:44,2
DA:45,2
DA:48,2
DA:49,2
DA:50,2
DA:51,2
DA:52,2
DA:53,2
DA:56,2
DA:60,2
DA:61,2
DA:62,2
DA:64,2
DA:67,34
DA:68,32
DA:69,32
DA:70,32
DA:71,32
DA:72,32
DA:73,32
DA:74,32
DA:75,32
DA:76,32
DA:77,32
DA:78,32
DA:79,32
DA:80,32
DA:81,32
DA:83,2
DA:84,2
DA:85,2
DA:86,2
DA:87,2
DA:90,6
DA:91,4
DA:92,4
DA:93,4
DA:94,4
DA:95,4
DA:96,4
DA:98,2
DA:99,2
DA:100,2
DA:103,2
DA:106,2
DA:107,2
DA:108,2
DA:109,2
DA:110,2
DA:111,2
DA:112,2
DA:114,2
DA:115,2
DA:116,2
DA:117,2
DA:119,2
DA:121,2
DA:122,2
DA:123,2
DA:124,2
DA:126,2
DA:127,2
DA:129,2
DA:130,2
DA:131,2
DA:132,2
DA:135,2
DA:136,2
DA:137,2
DA:138,2
DA:139,2
DA:142,2
DA:143,2
DA:144,2
DA:147,2
DA:149,2
DA:150,2
DA:151,2
DA:163,2
DA:164,2
DA:165,2
DA:167,2
DA:168,2
DA:169,2
DA:171,2
DA:172,2
DA:173,2
DA:174,2
DA:175,2
DA:176,2
DA:178,2
DA:181,2
DA:184,2
DA:187,2
DA:190,2
DA:191,2
DA:192,2
DA:195,2
DA:196,2
DA:198,2
DA:200,2
DA:201,2
DA:202,2
DA:203,2
LF:121
LH:121
end_of_record
SF:/disk2/graphdev/MiniGL/include/texture.h
FN:42,_Z14glInitTexturesP9GLContext
FNDA:2,_Z14glInitTexturesP9GLContext
FNF:1
FNH:1
DA:42,2
DA:46,2
DA:47,2
DA:48,2
LF:4
LH:4
end_of_record
SF:/disk2/graphdev/MiniGL/include/zgl.h
FN:343,_Z14gl_get_contextv
FN:351,_Z7gl_freePv
FN:356,_Z9gl_malloci
FN:363,_Z9gl_zalloci
FNDA:0,_Z14gl_get_contextv
FNDA:0,_Z7gl_freePv
FNDA:0,_Z9gl_malloci
FNDA:0,_Z9gl_zalloci
FNF:4
FNH:0
DA:343,0
DA:345,0
DA:351,0
DA:353,0
DA:354,0
DA:356,0
DA:358,0
DA:359,0
DA:360,0
DA:363,0
DA:365,0
LF:11
LH:0
end_of_record
SF:/disk2/graphdev/MiniGL/include/zmath.h
FN:32,_ZN2M4C2Ev
FN:66,_Z9gl_V3_Newfff
FN:75,_Z9gl_V4_Newffff
FNDA:0,_ZN2M4C2Ev
FNDA:96,_Z9gl_V3_Newfff
FNDA:146,_Z9gl_V4_Newffff
FNF:3
FNH:2
DA:32,0
DA:66,96
DA:69,96
DA:70,96
DA:71,96
DA:72,96
DA:75,146
DA:78,146
DA:79,146
DA:80,146
DA:81,146
DA:82,146
LF:12
LH:11
end_of_record
TN:
SF:/disk2/graphdev/MiniGL/TyGL/ztriangle.cpp
FN:12,_Z10PUT_PIXELKiRdS_PhPdRjS2_S2_RiS3_S3_S3_
FN:29,_Z21ZB_fillTriangleSmoothP7ZBufferP12ZBufferPointS2_S2_
FN:271,_Z13ZB_setTextureP7ZBufferPh
FN:285,_Z13PUT_PIXEL_TEXiPhRdS0_S_PdRjS2_RiS3_S3_
FN:305,_Z33ZB_fillTriangleMappingPerspectiveP7ZBufferP12ZBufferPointS2_S2_
FNDA:1812968,_Z10PUT_PIXELKiRdS_PhPdRjS2_S2_RiS3_S3_S3_
FNDA:128760,_Z21ZB_fillTriangleSmoothP7ZBufferP12ZBufferPointS2_S2_
FNDA:6358,_Z13ZB_setTextureP7ZBufferPh
FNDA:299556,_Z13PUT_PIXEL_TEXiPhRdS0_S_PdRjS2_RiS3_S3_
FNDA:6358,_Z33ZB_fillTriangleMappingPerspectiveP7ZBufferP12ZBufferPointS2_S2_
FNF:5
FNH:5
DA:12,1812968
DA:17,1812968
DA:18,1812968
DA:19,1311950
DA:20,1311950
DA:21,1311950
DA:22,1311950
DA:24,1812968
DA:25,1812968
DA:26,1812968
DA:27,1812968
DA:28,1812968
DA:29,128760
DA:58,128760
DA:59,56698
DA:60,56698
DA:61,56698
DA:63,128760
DA:64,36872
DA:65,36872
DA:66,36872
DA:67,36872
DA:68,91888
DA:69,35570
DA:70,35570
DA:71,35570
DA:76,128760
DA:77,128760
DA:79,128760
DA:80,128760
DA:82,128760
DA:83,128760
DA:84,0
DA:85,128760
DA:87,128760
DA:88,128760
DA:89,128760
DA:90,128760
DA:93,128760
DA:94,128760
DA:95,128760
DA:96,128760
DA:98,128760
DA:99,128760
DA:100,128760
DA:101,128760
DA:103,128760
DA:104,128760
DA:105,128760
DA:106,128760
DA:108,128760
DA:109,128760
DA:110,128760
DA:111,128760
DA:116,128760
DA:117,128760
DA:121,386280
DA:122,257520
DA:123,128760
DA:124,63196
DA:125,63196
DA:126,63196
DA:127,63196
DA:128,63196
DA:129,63196
DA:131,65564
DA:132,65564
DA:133,65564
DA:134,65564
DA:135,65564
DA:136,65564
DA:138,128760
DA:141,128760
DA:142,63196
DA:143,63196
DA:144,63196
DA:145,63196
DA:147,65564
DA:148,65564
DA:149,65564
DA:150,65564
DA:152,128760
DA:157,257520
DA:158,194324
DA:159,194324
DA:160,194324
DA:161,152780
DA:163,41544
DA:164,194324
DA:165,194324
DA:166,194324
DA:167,194324
DA:168,194324
DA:170,194324
DA:171,194324
DA:172,194324
DA:174,194324
DA:175,194324
DA:176,194324
DA:178,194324
DA:179,194324
DA:180,194324
DA:182,194324
DA:183,194324
DA:184,194324
DA:191,257520
DA:192,191956
DA:193,191956
DA:194,191956
DA:195,152852
DA:197,39104
DA:198,191956
DA:203,1488064
DA:204,615272
DA:214,615272
DA:215,615272
DA:217,615272
DA:218,615272
DA:220,615272
DA:221,615272
DA:222,615272
DA:225,4241208
DA:226,1812968
DA:228,1812968
DA:230,1812968
DA:231,1812968
DA:235,615272
DA:236,615272
DA:237,215414
DA:238,215414
DA:240,215414
DA:242,215414
DA:243,215414
DA:244,215414
DA:248,399858
DA:250,399858
DA:252,399858
DA:253,399858
DA:254,399858
DA:260,615272
DA:263,615272
DA:264,615272
DA:271,6358
DA:273,6358
DA:274,6358
DA:285,299556
DA:291,299556
DA:292,299556
DA:293,290796
DA:294,290796
DA:295,290796
DA:296,290796
DA:297,290796
DA:299,299556
DA:300,299556
DA:301,299556
DA:302,299556
DA:305,6358
DA:350,6358
DA:351,2698
DA:352,2698
DA:353,2698
DA:355,6358
DA:356,3066
DA:357,3066
DA:358,3066
DA:359,3066
DA:360,3292
DA:361,172
DA:362,172
DA:363,172
DA:368,6358
DA:369,6358
DA:371,6358
DA:372,6358
DA:374,6358
DA:375,6358
DA:376,0
DA:377,6358
DA:379,6358
DA:380,6358
DA:381,6358
DA:382,6358
DA:385,6358
DA:386,6358
DA:387,6358
DA:388,6358
DA:396,6358
DA:397,6358
DA:398,6358
DA:399,6358
DA:400,6358
DA:401,6358
DA:402,6358
DA:403,6358
DA:404,6358
DA:406,6358
DA:407,6358
DA:408,6358
DA:409,6358
DA:411,6358
DA:412,6358
DA:413,6358
DA:414,6358
DA:419,6358
DA:420,6358
DA:425,6358
DA:426,6358
DA:427,6358
DA:428,6358
DA:429,6358
DA:434,19074
DA:435,12716
DA:436,6358
DA:437,2754
DA:438,2754
DA:439,2754
DA:440,2754
DA:441,2754
DA:442,2754
DA:444,3604
DA:445,3604
DA:446,3604
DA:447,3604
DA:448,3604
DA:449,3604
DA:451,6358
DA:454,6358
DA:455,2754
DA:456,2754
DA:457,2754
DA:458,2754
DA:460,3604
DA:461,3604
DA:462,3604
DA:463,3604
DA:465,6358
DA:470,12716
DA:471,9962
DA:472,9962
DA:473,9962
DA:474,8998
DA:476,964
DA:477,9962
DA:478,9962
DA:479,9962
DA:480,9962
DA:481,9962
DA:484,9962
DA:485,9962
DA:486,9962
DA:490,9962
DA:491,9962
DA:492,9962
DA:494,9962
DA:495,9962
DA:496,9962
DA:502,12716
DA:503,9112
DA:504,9112
DA:505,9112
DA:506,9036
DA:508,76
DA:509,9112
DA:514,146936
DA:515,67110
DA:524,67110
DA:525,67110
DA:526,67110
DA:527,67110
DA:528,67110
DA:529,67110
DA:530,67110
DA:531,67110
DA:532,96074
DA:535,14482
DA:536,14482
DA:537,14482
DA:538,14482
DA:539,14482
DA:540,14482
DA:541,14482
DA:542,14482
DA:544,14482
DA:545,14482
DA:546,14482
DA:547,14482
DA:548,14482
DA:549,14482
DA:550,14482
DA:551,14482
DA:552,14482
DA:553,14482
DA:554,14482
DA:555,14482
DA:556,14482
DA:560,67110
DA:561,67110
DA:562,67110
DA:563,67110
DA:564,67110
DA:565,67110
DA:567,434510
DA:568,183700
DA:569,183700
DA:570,183700
DA:571,183700
DA:576,67110
DA:577,67110
DA:578,33598
DA:579,33598
DA:581,33598
DA:585,33598
DA:586,33598
DA:589,33512
DA:591,33512
DA:595,33512
DA:596,33512
DA:601,67110
DA:604,67110
DA:605,67110
LF:321
LH:319
end_of_record
TN:
SF:/disk2/graphdev/MiniGL/TyGL/specbuf.cpp
FN:6,_ZL8calc_bufP9GLSpecBuff
FN:19,_Z18specbuf_get_bufferP9GLContextif
FNDA:2,_ZL8calc_bufP9GLSpecBuff
FNDA:774120,_Z18specbuf_get_bufferP9GLContextif
FNF:2
FNH:2
DA:6,2
DA:10,2
DA:11,2
DA:12,2052
DA:13,2050
DA:14,2050
DA:16,2
DA:19,774120
DA:23,774120
DA:24,774120
DA:25,0
DA:26,0
DA:28,0
DA:30,774120
DA:31,774118
DA:32,774118
DA:34,2
DA:36,2
DA:37,2
DA:38,0
DA:40,2
DA:41,2
DA:42,2
DA:43,2
DA:44,2
DA:45,2
DA:46,2
DA:50,0
DA:51,0
DA:52,0
DA:53,0
LF:31
LH:23
end_of_record
SF:/disk2/graphdev/MiniGL/include/zgl.h
FN:356,_Z9gl_malloci
FNDA:0,_Z9gl_malloci
FNF:1
FNH:0
DA:356,0
DA:358,0
DA:359,0
DA:360,0
LF:4
LH:0
end_of_record
TN:
SF:/disk2/graphdev/MiniGL/TyGL/glx.cpp
FN:15,_Z14glXSwapBuffersv
FNDA:2,_Z14glXSwapBuffersv
FNF:1
FNH:1
DA:15,2
DA:21,2
DA:26,4
DA:27,2
DA:28,2
DA:29,3202
DA:31,3200
DA:32,3200
DA:33,5123200
DA:35,5120000
DA:37,5120000
DA:38,5120000
DA:39,5120000
DA:42,2
DA:43,4
LF:15
LH:15
end_of_record
SF:/disk2/graphdev/MiniGL/include/c24bitmap.h
FN:472,_ZN9C24BitMapC2Ev
FN:482,_ZN9C24BitMapD2Ev
FN:487,_ZN9C24BitMap7FormatFEii
FN:504,_ZN9C24BitMap4SaveEPc
FN:540,_Z13get_pix_colorR9C24BitMapii
FNDA:4,_ZN9C24BitMapC2Ev
FNDA:4,_ZN9C24BitMapD2Ev
FNDA:2,_ZN9C24BitMap7FormatFEii
FNDA:2,_ZN9C24BitMap4SaveEPc
FNDA:5120000,_Z13get_pix_colorR9C24BitMapii
FNF:5
FNH:5
DA:472,4
DA:474,4
DA:475,4
DA:476,4
DA:477,4
DA:478,4
DA:479,4
DA:480,4
DA:482,8
DA:484,4
DA:485,4
DA:487,2
DA:493,2
DA:495,2
DA:496,2
DA:497,2
DA:498,2
DA:499,2
DA:500,2
DA:501,2
DA:502,2
DA:504,2
DA:506,2
DA:507,2
DA:508,2
DA:509,2
DA:510,2
DA:511,2
DA:540,5120000
DA:541,5120000
DA:543,5120000
DA:544,5120000
DA:551,5120000
LF:33
LH:33
end_of_record
SF:/disk2/graphdev/MiniGL/include/zgl.h
FN:343,_Z14gl_get_contextv
FNDA:0,_Z14gl_get_contextv
FNF:1
FNH:0
DA:343,0
DA:345,0
LF:2
LH:0
end_of_record
TN:
SF:/disk2/graphdev/MiniGL/TyGL/light.cpp
FN:4,_Z12glopMaterialP9GLContextP7GLParam
FN:62,_ZL6clampffff
FN:69,_Z23gl_enable_disable_lightP9GLContextii
FN:86,_Z15gl_shade_vertexP9GLContextP8GLVertex
FNDA:36,_Z12glopMaterialP9GLContextP7GLParam
FNDA:1744368,_ZL6clampffff
FNDA:10,_Z23gl_enable_disable_lightP9GLContextii
FNDA:436092,_Z15gl_shade_vertexP9GLContextP8GLVertex
FNF:4
FNH:4
DA:4,36
DA:6,36
DA:7,36
DA:10,36
DA:11,36
DA:12,36
DA:13,36
DA:14,36
DA:19,36
DA:20,2
DA:21,2
DA:22,2
DA:24,36
DA:25,2
DA:27,36
DA:29,0
DA:30,0
DA:31,0
DA:33,40
DA:34,32
DA:35,8
DA:37,40
DA:38,32
DA:39,8
DA:41,40
DA:42,32
DA:43,8
DA:45,8
DA:46,8
DA:47,8
DA:49,20
DA:50,16
DA:51,20
DA:52,16
DA:53,4
DA:55,0
DA:57,36
DA:62,1744368
DA:64,1744368
DA:65,1744368
DA:66,1723386
DA:69,10
DA:71,10
DA:72,10
DA:73,8
DA:74,8
DA:75,8
DA:76,8
DA:77,2
DA:78,0
DA:79,0
DA:80,0
DA:81,0
DA:83,10
DA:86,436092
DA:93,436092
DA:95,436092
DA:97,436092
DA:98,436092
DA:99,436092
DA:101,436092
DA:102,436092
DA:103,436092
DA:104,436092
DA:106,2123112
DA:110,1687020
DA:111,1687020
DA:112,1687020
DA:114,1687020
DA:116,436092
DA:117,436092
DA:118,436092
DA:119,436092
DA:122,1250928
DA:123,1250928
DA:124,1250928
DA:125,1250928
DA:126,1250928
DA:127,1250928
DA:128,1250928
DA:129,1250928
DA:130,1250928
DA:132,2501856
DA:133,2501856
DA:135,1687020
DA:136,1687020
DA:137,1687020
DA:139,837192
DA:140,837192
DA:141,837192
DA:144,837192
DA:145,0
DA:146,0
DA:147,0
DA:148,0
DA:149,0
DA:151,0
DA:154,0
DA:155,0
DA:162,837192
DA:164,0
DA:165,0
DA:166,0
DA:167,0
DA:168,0
DA:169,0
DA:170,0
DA:172,837192
DA:173,837192
DA:174,837192
DA:176,837192
DA:177,837192
DA:178,837192
DA:181,774120
DA:182,774120
DA:183,774120
DA:189,774120
DA:190,774120
DA:191,774120
DA:192,774120
DA:193,774120
DA:194,774120
DA:195,774120
DA:199,1687020
DA:200,1687020
DA:201,1687020
DA:204,436092
DA:205,436092
DA:206,436092
DA:207,436092
DA:208,436092
LF:131
LH:108
end_of_record
SF:/disk2/graphdev/MiniGL/include/zmath.h
FN:55,_Z10gl_V3_NormP2V3
FNDA:0,_Z10gl_V3_NormP2V3
FNF:1
FNH:0
DA:55,0
DA:58,0
DA:59,0
DA:60,0
DA:61,0
DA:62,0
DA:63,0
LF:7
LH:0
end_of_record
TN:
SF:/disk2/graphdev/MiniGL/TyGL/image_util.cpp
FN:9,_Z27gl_resizeImageNoInterpolatePhiiS_ii
FNDA:2,_Z27gl_resizeImageNoInterpolatePhiiS_ii
FNF:1
FNH:1
DA:9,2
DA:16,2
DA:17,2
DA:19,2
DA:20,2
DA:22,2
DA:23,514
DA:24,512
DA:25,131584
DA:26,131072
DA:27,131072
DA:28,131072
DA:30,131072
DA:31,131072
DA:32,131072
DA:34,131072
DA:35,131072
DA:37,512
DA:39,2
LF:19
LH:19
end_of_record
TN:
SF:/disk2/graphdev/MiniGL/TyGL/clip.cpp
FN:18,_ZL11gl_clipcodeffff
FN:31,_Z24gl_transform_to_viewportP9GLContextP8GLVertex
FN:70,_Z19gl_vertex_transformP9GLContextP8GLVertex
FN:142,_ZL9clip_xminP2V4S0_S0_
FN:160,_ZL9clip_xmaxP2V4S0_S0_
FN:177,_ZL9clip_yminP2V4S0_S0_
FN:194,_ZL9clip_ymaxP2V4S0_S0_
FN:209,_ZL9clip_zminP2V4S0_S0_
FN:223,_ZL9clip_zmaxP2V4S0_S0_
FN:247,_ZL9updateTmpP9GLContextP8GLVertexS2_S2_f
FN:273,_Z16gl_draw_triangleP9GLContextP8GLVertexS2_S2_
FN:324,_ZL21gl_draw_triangle_clipP9GLContextP8GLVertexS2_S2_i
FN:408,_Z21gl_draw_triangle_fillP9GLContextP8GLVertexS2_S2_
FNDA:436720,_ZL11gl_clipcodeffff
FNDA:436276,_Z24gl_transform_to_viewportP9GLContextP8GLVertex
FNDA:436092,_Z19gl_vertex_transformP9GLContextP8GLVertex
FNDA:144,_ZL9clip_xminP2V4S0_S0_
FNDA:276,_ZL9clip_xmaxP2V4S0_S0_
FNDA:80,_ZL9clip_yminP2V4S0_S0_
FNDA:128,_ZL9clip_ymaxP2V4S0_S0_
FNDA:0,_ZL9clip_zminP2V4S0_S0_
FNDA:0,_ZL9clip_zmaxP2V4S0_S0_
FNDA:628,_ZL9updateTmpP9GLContextP8GLVertexS2_S2_f
FNDA:145632,_Z16gl_draw_triangleP9GLContextP8GLVertexS2_S2_
FNDA:540,_ZL21gl_draw_triangle_clipP9GLContextP8GLVertexS2_S2_i
FNDA:135118,_Z21gl_draw_triangle_fillP9GLContextP8GLVertexS2_S2_
FNF:13
FNH:11
DA:18,436720
DA:22,436720
DA:23,873440
DA:24,873440
DA:25,873440
DA:26,873440
DA:27,436720
DA:28,436720
DA:31,436276
DA:36,436276
DA:37,436276
DA:38,436276
DA:39,436276
DA:40,436276
DA:41,436276
DA:42,436276
DA:44,436276
DA:45,436276
DA:46,436276
DA:47,436276
DA:48,436276
DA:49,436276
DA:50,436276
DA:53,0
DA:54,0
DA:55,0
DA:60,436276
DA:61,19116
DA:62,19116
DA:63,19116
DA:64,19116
DA:66,436276
DA:70,436092
DA:75,436092
DA:78,436092
DA:79,872184
DA:80,872184
DA:81,872184
DA:82,872184
DA:83,872184
DA:84,872184
DA:85,872184
DA:86,872184
DA:89,436092
DA:90,872184
DA:91,872184
DA:92,872184
DA:93,872184
DA:94,872184
DA:95,872184
DA:96,872184
DA:97,872184
DA:99,436092
DA:100,436092
DA:102,436092
DA:103,436092
DA:104,436092
DA:106,436092
DA:107,0
DA:112,0
DA:114,0
DA:115,0
DA:116,0
DA:117,0
DA:118,0
DA:119,0
DA:120,0
DA:121,0
DA:123,0
DA:124,0
DA:128,436092
DA:129,436092
DA:142,144
DA:144,144
DA:145,144
DA:146,144
DA:147,144
DA:148,144
DA:149,144
DA:150,0
DA:152,144
DA:153,144
DA:154,144
DA:155,144
DA:156,144
DA:157,144
DA:160,276
DA:161,276
DA:162,276
DA:163,276
DA:164,276
DA:165,276
DA:166,276
DA:167,0
DA:169,276
DA:170,276
DA:171,276
DA:172,276
DA:173,276
DA:174,276
DA:177,80
DA:178,80
DA:179,80
DA:180,80
DA:181,80
DA:182,80
DA:183,80
DA:184,0
DA:186,80
DA:187,80
DA:188,80
DA:189,80
DA:190,80
DA:191,80
DA:194,128
DA:195,128
DA:196,128
DA:197,128
DA:198,128
DA:199,128
DA:200,128
DA:201,128
DA:202,128
DA:203,128
DA:204,128
DA:205,128
DA:206,128
DA:209,0
DA:210,0
DA:211,0
DA:212,0
DA:213,0
DA:214,0
DA:215,0
DA:216,0
DA:217,0
DA:218,0
DA:219,0
DA:220,0
DA:221,0
DA:223,0
DA:224,0
DA:225,0
DA:226,0
DA:227,0
DA:228,0
DA:229,0
DA:230,0
DA:231,0
DA:232,0
DA:233,0
DA:234,0
DA:235,0
DA:247,628
DA:250,628
DA:251,628
DA:252,628
DA:253,628
DA:255,0
DA:256,0
DA:257,0
DA:260,628
DA:261,0
DA:262,0
DA:265,628
DA:266,628
DA:267,340
DA:268,628
DA:273,145632
DA:279,145632
DA:280,145632
DA:281,145632
DA:283,145632
DA:286,145632
DA:288,145500
DA:289,145500
DA:291,155882
DA:293,135118
DA:294,135118
DA:297,135118
DA:299,0
DA:300,0
DA:301,0
DA:302,0
DA:303,0
DA:304,0
DA:306,0
DA:310,135118
DA:311,68606
DA:313,66512
DA:317,132
DA:318,132
DA:319,108
DA:324,540
DA:331,540
DA:332,540
DA:333,540
DA:335,540
DA:336,540
DA:337,224
DA:339,316
DA:341,318
DA:344,526
DA:345,106
DA:349,314
DA:356,0
DA:359,314
DA:360,314
DA:362,314
DA:365,118
DA:366,38
DA:367,36
DA:369,118
DA:370,118
DA:372,118
DA:373,118
DA:375,118
DA:376,118
DA:377,118
DA:378,118
DA:380,118
DA:381,118
DA:382,118
DA:383,118
DA:387,196
DA:388,116
DA:389,60
DA:391,196
DA:392,196
DA:394,196
DA:395,196
DA:397,196
DA:398,196
DA:399,196
DA:408,135118
DA:413,135118
DA:415,6358
DA:416,6358
DA:417,128760
DA:418,128760
DA:420,135118
LF:241
LH:184
end_of_record
SF:/disk2/graphdev/MiniGL/include/zmath.h
FN:55,_Z10gl_V3_NormP2V3
FNDA:0,_Z10gl_V3_NormP2V3
FNF:1
FNH:0
DA:55,0
DA:58,0
DA:59,0
DA:60,0
DA:61,0
DA:62,0
DA:63,0
LF:7
LH:0
end_of_record
TN:
SF:/disk2/graphdev/MiniGL/TyGL/zbuffer.cpp
FN:12,_Z7ZB_openiiiiPhPiPv
FN:60,_Z8ZB_closeP7ZBuffer
FNDA:2,_Z7ZB_openiiiiPhPiPv
FNDA:0,_Z8ZB_closeP7ZBuffer
FNF:2
FNH:1
DA:12,2
DA:21,2
DA:22,2
DA:23,0
DA:25,2
DA:26,2
DA:27,2
DA:28,2
DA:31,2
DA:34,2
DA:36,2
DA:37,2
DA:38,0
DA:40,2
DA:41,2
DA:42,2
DA:43,0
DA:44,0
DA:46,2
DA:48,0
DA:49,0
DA:52,2
DA:54,2
DA:56,0
DA:57,0
DA:60,0
DA:63,0
DA:64,0
DA:66,0
DA:67,0
DA:68,0
LF:31
LH:17
end_of_record
TN:
SF:/disk2/graphdev/MiniGL/TyGL/kh_project.cpp
FN:10,_ZL18__gluMakeIdentityfPf
FN:25,_ZL9normalizePf
FN:37,_ZL5crossPfS_S_
FN:47,_Z12glTranslatedddd
FN:56,_Z9gluLookAtddddddddd
FNDA:2,_ZL18__gluMakeIdentityfPf
FNDA:4,_ZL9normalizePf
FNDA:4,_ZL5crossPfS_S_
FNDA:2,_Z12glTranslatedddd
FNDA:2,_Z9gluLookAtddddddddd
FNF:5
FNH:5
DA:10,2
DA:12,2
DA:13,2
DA:14,2
DA:15,2
DA:16,2
DA:25,4
DA:29,4
DA:30,4
DA:32,4
DA:33,4
DA:34,4
DA:37,4
DA:39,4
DA:40,4
DA:41,4
DA:42,4
DA:47,2
DA:50,2
DA:51,2
DA:56,2
DA:63,2
DA:64,2
DA:65,2
DA:67,2
DA:68,2
DA:69,2
DA:71,2
DA:74,2
DA:75,2
DA:78,2
DA:80,2
DA:81,2
DA:82,2
DA:83,2
DA:85,2
DA:86,2
DA:87,2
DA:89,2
DA:90,2
DA:91,2
DA:93,2
DA:94,2
DA:95,2
LF:44
LH:44
end_of_record
TN:
SF:/usr/include/c++/5/bits/stl_algobase.h
FN:219,_ZSt3maxImERKT_S2_S2_
FN:282,_ZSt12__niter_baseIP9t3DObjectENSt11_Niter_baseIT_E13iterator_typeES3_
FN:282,_ZSt12__niter_baseIP13tMaterialInfoENSt11_Niter_baseIT_E13iterator_typeES3_
FN:293,_ZSt12__miter_baseIP9t3DObjectENSt11_Miter_baseIT_E13iterator_typeES3_
FN:293,_ZSt12__miter_baseIP13tMaterialInfoENSt11_Miter_baseIT_E13iterator_typeES3_
FN:373,_ZNSt11__copy_moveILb0ELb1ESt26random_access_iterator_tagE8__copy_mI9t3DObjectEEPT_PKS4_S7_S5_
FN:373,_ZNSt11__copy_moveILb0ELb1ESt26random_access_iterator_tagE8__copy_mI13tMaterialInfoEEPT_PKS4_S7_S5_
FN:391,_ZSt13__copy_move_aILb0EP9t3DObjectS1_ET1_T0_S3_S2_
FN:391,_ZSt13__copy_move_aILb0EP13tMaterialInfoS1_ET1_T0_S3_S2_
FN:436,_ZSt14__copy_move_a2ILb0EP13tMaterialInfoS1_ET1_T0_S3_S2_
FN:436,_ZSt14__copy_move_a2ILb0EP9t3DObjectS1_ET1_T0_S3_S2_
FN:462,_ZSt4copyIP9t3DObjectS1_ET0_T_S3_S2_
FN:462,_ZSt4copyIP13tMaterialInfoS1_ET0_T_S3_S2_
FN:575,_ZNSt20__copy_move_backwardILb0ELb1ESt26random_access_iterator_tagE13__copy_move_bI9t3DObjectEEPT_PKS4_S7_S5_
FN:575,_ZNSt20__copy_move_backwardILb0ELb1ESt26random_access_iterator_tagE13__copy_move_bI13tMaterialInfoEEPT_PKS4_S7_S5_
FN:593,_ZSt22__copy_move_backward_aILb0EP13tMaterialInfoS1_ET1_T0_S3_S2_
FN:593,_ZSt22__copy_move_backward_aILb0EP9t3DObjectS1_ET1_T0_S3_S2_
FN:611,_ZSt23__copy_move_backward_a2ILb0EP9t3DObjectS1_ET1_T0_S3_S2_
FN:611,_ZSt23__copy_move_backward_a2ILb0EP13tMaterialInfoS1_ET1_T0_S3_S2_
FN:638,_ZSt13copy_backwardIP9t3DObjectS1_ET0_T_S3_S2_
FN:638,_ZSt13copy_backwardIP13tMaterialInfoS1_ET0_T_S3_S2_
FNDA:46,_ZSt3maxImERKT_S2_S2_
FNDA:12,_ZSt12__niter_baseIP9t3DObjectENSt11_Niter_baseIT_E13iterator_typeES3_
FNDA:12,_ZSt12__niter_baseIP13tMaterialInfoENSt11_Niter_baseIT_E13iterator_typeES3_
FNDA:8,_ZSt12__miter_baseIP9t3DObjectENSt11_Miter_baseIT_E13iterator_typeES3_
FNDA:8,_ZSt12__miter_baseIP13tMaterialInfoENSt11_Miter_baseIT_E13iterator_typeES3_
FNDA:4,_ZNSt11__copy_moveILb0ELb1ESt26random_access_iterator_tagE8__copy_mI9t3DObjectEEPT_PKS4_S7_S5_
FNDA:4,_ZNSt11__copy_moveILb0ELb1ESt26random_access_iterator_tagE8__copy_mI13tMaterialInfoEEPT_PKS4_S7_S5_
FNDA:4,_ZSt13__copy_move_aILb0EP9t3DObjectS1_ET1_T0_S3_S2_
FNDA:4,_ZSt13__copy_move_aILb0EP13tMaterialInfoS1_ET1_T0_S3_S2_
FNDA:4,_ZSt14__copy_move_a2ILb0EP9t3DObjectS1_ET1_T0_S3_S2_
FNDA:4,_ZSt14__copy_move_a2ILb0EP13tMaterialInfoS1_ET1_T0_S3_S2_
FNDA:4,_ZSt4copyIP9t3DObjectS1_ET0_T_S3_S2_
FNDA:4,_ZSt4copyIP13tMaterialInfoS1_ET0_T_S3_S2_
FNDA:0,_ZNSt20__copy_move_backwardILb0ELb1ESt26random_access_iterator_tagE13__copy_move_bI9t3DObjectEEPT_PKS4_S7_S5_
FNDA:0,_ZNSt20__copy_move_backwardILb0ELb1ESt26random_access_iterator_tagE13__copy_move_bI13tMaterialInfoEEPT_PKS4_S7_S5_
FNDA:0,_ZSt22__copy_move_backward_aILb0EP9t3DObjectS1_ET1_T0_S3_S2_
FNDA:0,_ZSt22__copy_move_backward_aILb0EP13tMaterialInfoS1_ET1_T0_S3_S2_
FNDA:0,_ZSt23__copy_move_backward_a2ILb0EP9t3DObjectS1_ET1_T0_S3_S2_
FNDA:0,_ZSt23__copy_move_backward_a2ILb0EP13tMaterialInfoS1_ET1_T0_S3_S2_
FNDA:0,_ZSt13copy_backwardIP9t3DObjectS1_ET0_T_S3_S2_
FNDA:0,_ZSt13copy_backwardIP13tMaterialInfoS1_ET0_T_S3_S2_
FNF:21
FNH:13
DA:219,46
DA:224,46
DA:225,12
DA:226,34
DA:282,24
DA:283,24
DA:293,16
DA:294,16
DA:373,8
DA:382,8
DA:383,8
DA:384,0
DA:385,8
DA:391,8
DA:399,8
DA:402,8
DA:436,8
DA:438,8
DA:440,8
DA:462,8
DA:471,8
DA:472,8
DA:575,0
DA:584,0
DA:585,0
DA:586,0
DA:587,0
DA:593,0
DA:601,0
DA:606,0
DA:611,0
DA:614,0
DA:615,0
DA:638,0
DA:649,0
DA:650,0
LF:36
LH:21
end_of_record
SF:/usr/include/c++/5/bits/stl_construct.h
FN:112,_ZNSt12_Destroy_auxILb1EE9__destroyIP9t3DObjectEEvT_S4_
FN:112,_ZNSt12_Destroy_auxILb1EE9__destroyIP13tMaterialInfoEEvT_S4_
FN:122,_ZSt8_DestroyIP9t3DObjectEvT_S2_
FN:122,_ZSt8_DestroyIP13tMaterialInfoEvT_S2_
FN:148,_ZSt8_DestroyIP13tMaterialInfoS0_EvT_S2_RSaIT0_E
FN:148,_ZSt8_DestroyIP9t3DObjectS0_EvT_S2_RSaIT0_E
FNDA:4,_ZNSt12_Destroy_auxILb1EE9__destroyIP9t3DObjectEEvT_S4_
FNDA:4,_ZNSt12_Destroy_auxILb1EE9__destroyIP13tMaterialInfoEEvT_S4_
FNDA:4,_ZSt8_DestroyIP9t3DObjectEvT_S2_
FNDA:4,_ZSt8_DestroyIP13tMaterialInfoEvT_S2_
FNDA:4,_ZSt8_DestroyIP9t3DObjectS0_EvT_S2_RSaIT0_E
FNDA:4,_ZSt8_DestroyIP13tMaterialInfoS0_EvT_S2_RSaIT0_E
FNF:6
FNH:6
DA:112,8
DA:122,8
DA:126,8
DA:128,8
DA:148,8
DA:151,8
DA:152,8
LF:7
LH:7
end_of_record
SF:/usr/include/c++/5/bits/stl_iterator.h
FN:740,_ZN9__gnu_cxx17__normal_iteratorIP9t3DObjectSt6vectorIS1_SaIS1_EEEC2ERKS2_
FN:740,_ZN9__gnu_cxx17__normal_iteratorIP13tMaterialInfoSt6vectorIS1_SaIS1_EEEC2ERKS2_
FN:753,_ZNK9__gnu_cxx17__normal_iteratorIP13tMaterialInfoSt6vectorIS1_SaIS1_EEEdeEv
FN:753,_ZNK9__gnu_cxx17__normal_iteratorIP9t3DObjectSt6vectorIS1_SaIS1_EEEdeEv
FN:805,_ZNK9__gnu_cxx17__normal_iteratorIP9t3DObjectSt6vectorIS1_SaIS1_EEE4baseEv
FN:805,_ZNK9__gnu_cxx17__normal_iteratorIP13tMaterialInfoSt6vectorIS1_SaIS1_EEE4baseEv
FN:923,_ZN9__gnu_cxxmiIP9t3DObjectSt6vectorIS1_SaIS1_EEEENS_17__normal_iteratorIT_T0_E15difference_typeERKS9_SC_
FN:923,_ZN9__gnu_cxxmiIP13tMaterialInfoSt6vectorIS1_SaIS1_EEEENS_17__normal_iteratorIT_T0_E15difference_typeERKS9_SC_
FNDA:4,_ZN9__gnu_cxx17__normal_iteratorIP9t3DObjectSt6vectorIS1_SaIS1_EEEC2ERKS2_
FNDA:4,_ZN9__gnu_cxx17__normal_iteratorIP13tMaterialInfoSt6vectorIS1_SaIS1_EEEC2ERKS2_
FNDA:0,_ZNK9__gnu_cxx17__normal_iteratorIP9t3DObjectSt6vectorIS1_SaIS1_EEEdeEv
FNDA:0,_ZNK9__gnu_cxx17__normal_iteratorIP13tMaterialInfoSt6vectorIS1_SaIS1_EEEdeEv
FNDA:8,_ZNK9__gnu_cxx17__normal_iteratorIP9t3DObjectSt6vectorIS1_SaIS1_EEE4baseEv
FNDA:8,_ZNK9__gnu_cxx17__normal_iteratorIP13tMaterialInfoSt6vectorIS1_SaIS1_EEE4baseEv
FNDA:2,_ZN9__gnu_cxxmiIP9t3DObjectSt6vectorIS1_SaIS1_EEEENS_17__normal_iteratorIT_T0_E15difference_typeERKS9_SC_
FNDA:2,_ZN9__gnu_cxxmiIP13tMaterialInfoSt6vectorIS1_SaIS1_EEEENS_17__normal_iteratorIT_T0_E15difference_typeERKS9_SC_
FNF:8
FNH:6
DA:740,8
DA:741,8
DA:753,0
DA:754,0
DA:805,16
DA:806,16
DA:923,4
DA:926,4
LF:8
LH:6
end_of_record
SF:/usr/include/c++/5/bits/stl_iterator_base_types.h
FN:215,_ZNSt10_Iter_baseIP13tMaterialInfoLb0EE7_S_baseES1_
FN:215,_ZNSt10_Iter_baseIP9t3DObjectLb0EE7_S_baseES1_
FNDA:20,_ZNSt10_Iter_baseIP9t3DObjectLb0EE7_S_baseES1_
FNDA:20,_ZNSt10_Iter_baseIP13tMaterialInfoLb0EE7_S_baseES1_
FNF:2
FNH:2
DA:215,40
DA:216,40
LF:2
LH:2
end_of_record
SF:/usr/include/c++/5/bits/stl_uninitialized.h
FN:91,_ZNSt20__uninitialized_copyILb1EE13__uninit_copyIP9t3DObjectS3_EET0_T_S5_S4_
FN:91,_ZNSt20__uninitialized_copyILb1EE13__uninit_copyIP13tMaterialInfoS3_EET0_T_S5_S4_
FN:107,_ZSt18uninitialized_copyIP13tMaterialInfoS1_ET0_T_S3_S2_
FN:107,_ZSt18uninitialized_copyIP9t3DObjectS1_ET0_T_S3_S2_
FN:279,_ZSt22__uninitialized_copy_aIP9t3DObjectS1_S0_ET0_T_S3_S2_RSaIT1_E
FN:279,_ZSt22__uninitialized_copy_aIP13tMaterialInfoS1_S0_ET0_T_S3_S2_RSaIT1_E
FN:297,_ZSt34__uninitialized_move_if_noexcept_aIP13tMaterialInfoS1_SaIS0_EET0_T_S4_S3_RT1_
FN:297,_ZSt34__uninitialized_move_if_noexcept_aIP9t3DObjectS1_SaIS0_EET0_T_S4_S3_RT1_
FNDA:4,_ZNSt20__uninitialized_copyILb1EE13__uninit_copyIP9t3DObjectS3_EET0_T_S5_S4_
FNDA:4,_ZNSt20__uninitialized_copyILb1EE13__uninit_copyIP13tMaterialInfoS3_EET0_T_S5_S4_
FNDA:4,_ZSt18uninitialized_copyIP9t3DObjectS1_ET0_T_S3_S2_
FNDA:4,_ZSt18uninitialized_copyIP13tMaterialInfoS1_ET0_T_S3_S2_
FNDA:4,_ZSt22__uninitialized_copy_aIP9t3DObjectS1_S0_ET0_T_S3_S2_RSaIT1_E
FNDA:4,_ZSt22__uninitialized_copy_aIP13tMaterialInfoS1_S0_ET0_T_S3_S2_RSaIT1_E
FNDA:4,_ZSt34__uninitialized_move_if_noexcept_aIP9t3DObjectS1_SaIS0_EET0_T_S4_S3_RT1_
FNDA:4,_ZSt34__uninitialized_move_if_noexcept_aIP13tMaterialInfoS1_SaIS0_EET0_T_S4_S3_RT1_
FNF:8
FNH:8
DA:91,8
DA:93,8
DA:107,8
DA:115,8
DA:126,8
DA:279,8
DA:281,8
DA:297,8
DA:304,8
LF:9
LH:9
end_of_record
SF:/usr/include/c++/5/bits/stl_vector.h
FN:113,_ZNSt12_Vector_baseI9t3DObjectSaIS0_EE19_M_get_Tp_allocatorEv
FN:113,_ZNSt12_Vector_baseI13tMaterialInfoSaIS0_EE19_M_get_Tp_allocatorEv
FN:117,_ZNKSt12_Vector_baseI9t3DObjectSaIS0_EE19_M_get_Tp_allocatorEv
FN:117,_ZNKSt12_Vector_baseI13tMaterialInfoSaIS0_EE19_M_get_Tp_allocatorEv
FN:167,_ZNSt12_Vector_baseI9t3DObjectSaIS0_EE11_M_allocateEm
FN:167,_ZNSt12_Vector_baseI13tMaterialInfoSaIS0_EE11_M_allocateEm
FN:174,_ZNSt12_Vector_baseI13tMaterialInfoSaIS0_EE13_M_deallocateEPS0_m
FN:174,_ZNSt12_Vector_baseI9t3DObjectSaIS0_EE13_M_deallocateEPS0_m
FN:547,_ZNSt6vectorI13tMaterialInfoSaIS0_EE5beginEv
FN:547,_ZNSt6vectorI9t3DObjectSaIS0_EE5beginEv
FN:565,_ZNSt6vectorI9t3DObjectSaIS0_EE3endEv
FN:565,_ZNSt6vectorI13tMaterialInfoSaIS0_EE3endEv
FN:654,_ZNKSt6vectorI13tMaterialInfoSaIS0_EE4sizeEv
FN:654,_ZNKSt6vectorI9t3DObjectSaIS0_EE4sizeEv
FN:659,_ZNKSt6vectorI13tMaterialInfoSaIS0_EE8max_sizeEv
FN:659,_ZNKSt6vectorI9t3DObjectSaIS0_EE8max_sizeEv
FN:779,_ZNSt6vectorI9t3DObjectSaIS0_EEixEm
FN:779,_ZNSt6vectorI13tMaterialInfoSaIS0_EEixEm
FN:913,_ZNSt6vectorI13tMaterialInfoSaIS0_EE9push_backERKS0_
FN:913,_ZNSt6vectorI9t3DObjectSaIS0_EE9push_backERKS0_
FN:1422,_ZNKSt6vectorI9t3DObjectSaIS0_EE12_M_check_lenEmPKc
FN:1422,_ZNKSt6vectorI13tMaterialInfoSaIS0_EE12_M_check_lenEmPKc
FNDA:8,_ZNSt12_Vector_baseI9t3DObjectSaIS0_EE19_M_get_Tp_allocatorEv
FNDA:8,_ZNSt12_Vector_baseI13tMaterialInfoSaIS0_EE19_M_get_Tp_allocatorEv
FNDA:4,_ZNKSt12_Vector_baseI9t3DObjectSaIS0_EE19_M_get_Tp_allocatorEv
FNDA:4,_ZNKSt12_Vector_baseI13tMaterialInfoSaIS0_EE19_M_get_Tp_allocatorEv
FNDA:2,_ZNSt12_Vector_baseI9t3DObjectSaIS0_EE11_M_allocateEm
FNDA:2,_ZNSt12_Vector_baseI13tMaterialInfoSaIS0_EE11_M_allocateEm
FNDA:4,_ZNSt12_Vector_baseI9t3DObjectSaIS0_EE13_M_deallocateEPS0_m
FNDA:4,_ZNSt12_Vector_baseI13tMaterialInfoSaIS0_EE13_M_deallocateEPS0_m
FNDA:2,_ZNSt6vectorI9t3DObjectSaIS0_EE5beginEv
FNDA:2,_ZNSt6vectorI13tMaterialInfoSaIS0_EE5beginEv
FNDA:2,_ZNSt6vectorI9t3DObjectSaIS0_EE3endEv
FNDA:2,_ZNSt6vectorI13tMaterialInfoSaIS0_EE3endEv
FNDA:10,_ZNKSt6vectorI9t3DObjectSaIS0_EE4sizeEv
FNDA:8,_ZNKSt6vectorI13tMaterialInfoSaIS0_EE4sizeEv
FNDA:4,_ZNKSt6vectorI9t3DObjectSaIS0_EE8max_sizeEv
FNDA:4,_ZNKSt6vectorI13tMaterialInfoSaIS0_EE8max_sizeEv
FNDA:16,_ZNSt6vectorI13tMaterialInfoSaIS0_EEixEm
FNDA:10,_ZNSt6vectorI9t3DObjectSaIS0_EEixEm
FNDA:2,_ZNSt6vectorI9t3DObjectSaIS0_EE9push_backERKS0_
FNDA:2,_ZNSt6vectorI13tMaterialInfoSaIS0_EE9push_backERKS0_
FNDA:2,_ZNKSt6vectorI9t3DObjectSaIS0_EE12_M_check_lenEmPKc
FNDA:2,_ZNKSt6vectorI13tMaterialInfoSaIS0_EE12_M_check_lenEmPKc
FNF:22
FNH:22
DA:113,16
DA:114,16
DA:117,8
DA:118,8
DA:167,4
DA:170,4
DA:174,8
DA:177,8
DA:178,4
DA:179,8
DA:547,4
DA:548,4
DA:565,4
DA:566,4
DA:654,18
DA:655,18
DA:659,8
DA:660,8
DA:779,26
DA:780,26
DA:913,4
DA:915,4
DA:917,0
DA:919,0
DA:925,4
DA:927,4
DA:1422,4
DA:1424,4
DA:1425,0
DA:1427,4
DA:1428,4
LF:31
LH:28
end_of_record
SF:/usr/include/c++/5/bits/vector.tcc
FN:326,_ZNSt6vectorI13tMaterialInfoSaIS0_EE13_M_insert_auxEN9__gnu_cxx17__normal_iteratorIPS0_S2_EERKS0_
FN:326,_ZNSt6vectorI9t3DObjectSaIS0_EE13_M_insert_auxEN9__gnu_cxx17__normal_iteratorIPS0_S2_EERKS0_
FNDA:2,_ZNSt6vectorI9t3DObjectSaIS0_EE13_M_insert_auxEN9__gnu_cxx17__normal_iteratorIPS0_S2_EERKS0_
FNDA:2,_ZNSt6vectorI13tMaterialInfoSaIS0_EE13_M_insert_auxEN9__gnu_cxx17__normal_iteratorIPS0_S2_EERKS0_
FNF:2
FNH:2
DA:326,4
DA:330,4
DA:332,0
DA:333,0
DA:335,0
DA:337,0
DA:339,0
DA:343,0
DA:351,4
DA:352,4
DA:353,4
DA:354,4
DA:361,4
DA:368,4
DA:370,4
DA:372,4
DA:373,4
DA:375,4
DA:377,4
DA:379,4
DA:380,4
DA:382,0
DA:384,0
DA:385,0
DA:388,0
DA:389,0
DA:390,0
DA:392,4
DA:393,4
DA:394,8
DA:396,8
DA:397,4
DA:398,4
DA:399,4
DA:401,4
LF:35
LH:23
end_of_record
SF:/usr/include/c++/5/ext/alloc_traits.h
FN:181,_ZN9__gnu_cxx14__alloc_traitsISaI9t3DObjectEE8allocateERS2_m
FN:181,_ZN9__gnu_cxx14__alloc_traitsISaI13tMaterialInfoEE8allocateERS2_m
FN:184,_ZN9__gnu_cxx14__alloc_traitsISaI13tMaterialInfoEE10deallocateERS2_PS1_m
FN:184,_ZN9__gnu_cxx14__alloc_traitsISaI9t3DObjectEE10deallocateERS2_PS1_m
FN:188,_ZN9__gnu_cxx14__alloc_traitsISaI9t3DObjectEE9constructIS1_EEvRS2_PS1_RKT_
FN:188,_ZN9__gnu_cxx14__alloc_traitsISaI13tMaterialInfoEE9constructIS1_EEvRS2_PS1_RKT_
FN:191,_ZN9__gnu_cxx14__alloc_traitsISaI13tMaterialInfoEE7destroyERS2_PS1_
FN:191,_ZN9__gnu_cxx14__alloc_traitsISaI9t3DObjectEE7destroyERS2_PS1_
FN:194,_ZN9__gnu_cxx14__alloc_traitsISaI9t3DObjectEE8max_sizeERKS2_
FN:194,_ZN9__gnu_cxx14__alloc_traitsISaI13tMaterialInfoEE8max_sizeERKS2_
FNDA:2,_ZN9__gnu_cxx14__alloc_traitsISaI9t3DObjectEE8allocateERS2_m
FNDA:2,_ZN9__gnu_cxx14__alloc_traitsISaI13tMaterialInfoEE8allocateERS2_m
FNDA:2,_ZN9__gnu_cxx14__alloc_traitsISaI9t3DObjectEE10deallocateERS2_PS1_m
FNDA:2,_ZN9__gnu_cxx14__alloc_traitsISaI13tMaterialInfoEE10deallocateERS2_PS1_m
FNDA:2,_ZN9__gnu_cxx14__alloc_traitsISaI9t3DObjectEE9constructIS1_EEvRS2_PS1_RKT_
FNDA:2,_ZN9__gnu_cxx14__alloc_traitsISaI13tMaterialInfoEE9constructIS1_EEvRS2_PS1_RKT_
FNDA:0,_ZN9__gnu_cxx14__alloc_traitsISaI9t3DObjectEE7destroyERS2_PS1_
FNDA:0,_ZN9__gnu_cxx14__alloc_traitsISaI13tMaterialInfoEE7destroyERS2_PS1_
FNDA:4,_ZN9__gnu_cxx14__alloc_traitsISaI9t3DObjectEE8max_sizeERKS2_
FNDA:4,_ZN9__gnu_cxx14__alloc_traitsISaI13tMaterialInfoEE8max_sizeERKS2_
FNF:10
FNH:8
DA:181,4
DA:182,4
DA:184,4
DA:185,4
DA:188,4
DA:189,4
DA:191,0
DA:192,0
DA:194,8
DA:195,8
LF:10
LH:8
end_of_record
SF:/usr/include/c++/5/ext/new_allocator.h
FN:99,_ZN9__gnu_cxx13new_allocatorI9t3DObjectE8allocateEmPKv
FN:99,_ZN9__gnu_cxx13new_allocatorI13tMaterialInfoE8allocateEmPKv
FN:109,_ZN9__gnu_cxx13new_allocatorI13tMaterialInfoE10deallocateEPS1_m
FN:109,_ZN9__gnu_cxx13new_allocatorI9t3DObjectE10deallocateEPS1_m
FN:113,_ZNK9__gnu_cxx13new_allocatorI9t3DObjectE8max_sizeEv
FN:113,_ZNK9__gnu_cxx13new_allocatorI13tMaterialInfoE8max_sizeEv
FN:129,_ZN9__gnu_cxx13new_allocatorI9t3DObjectE9constructEPS1_RKS1_
FN:129,_ZN9__gnu_cxx13new_allocatorI13tMaterialInfoE9constructEPS1_RKS1_
FN:133,_ZN9__gnu_cxx13new_allocatorI13tMaterialInfoE7destroyEPS1_
FN:133,_ZN9__gnu_cxx13new_allocatorI9t3DObjectE7destroyEPS1_
FNDA:2,_ZN9__gnu_cxx13new_allocatorI9t3DObjectE8allocateEmPKv
FNDA:2,_ZN9__gnu_cxx13new_allocatorI13tMaterialInfoE8allocateEmPKv
FNDA:2,_ZN9__gnu_cxx13new_allocatorI9t3DObjectE10deallocateEPS1_m
FNDA:2,_ZN9__gnu_cxx13new_allocatorI13tMaterialInfoE10deallocateEPS1_m
FNDA:6,_ZNK9__gnu_cxx13new_allocatorI9t3DObjectE8max_sizeEv
FNDA:6,_ZNK9__gnu_cxx13new_allocatorI13tMaterialInfoE8max_sizeEv
FNDA:2,_ZN9__gnu_cxx13new_allocatorI9t3DObjectE9constructEPS1_RKS1_
FNDA:2,_ZN9__gnu_cxx13new_allocatorI13tMaterialInfoE9constructEPS1_RKS1_
FNDA:0,_ZN9__gnu_cxx13new_allocatorI9t3DObjectE7destroyEPS1_
FNDA:0,_ZN9__gnu_cxx13new_allocatorI13tMaterialInfoE7destroyEPS1_
FNF:10
FNH:8
DA:99,4
DA:101,4
DA:102,0
DA:104,4
DA:109,4
DA:110,4
DA:113,12
DA:114,12
DA:129,4
DA:130,4
DA:133,0
LF:11
LH:9
end_of_record
SF:/usr/include/c++/5/new
FN:129,_ZnwmPv
FNDA:139002,_ZnwmPv
FNF:1
FNH:1
DA:129,139002
DA:130,139002
LF:2
LH:2
end_of_record
SF:/disk2/graphdev/MiniGL/3DS.cpp
FN:7,_Z11empty_chunkP6tChunk
FN:12,_ZN8CLoad3DSC2Ev
FN:19,_ZN8CLoad3DS9Import3DSEP8t3DModelPc
FN:64,_ZN8CLoad3DS7CleanUpEv
FN:75,_ZN8CLoad3DS16ProcessNextChunkEP8t3DModelP6tChunk
FN:180,_ZN8CLoad3DS22ProcessNextObjectChunkEP8t3DModelP9t3DObjectP6tChunk
FN:242,_ZN8CLoad3DS24ProcessNextMaterialChunkEP8t3DModelP6tChunk
FN:297,_ZN8CLoad3DS9ReadChunkEP6tChunk
FN:307,_ZN8CLoad3DS9GetStringEPc
FN:327,_ZN8CLoad3DS14ReadColorChunkEP13tMaterialInfoP6tChunk
FN:340,_ZN8CLoad3DS17ReadVertexIndicesEP9t3DObjectP6tChunk
FN:370,_ZN8CLoad3DS17ReadUVCoordinatesEP9t3DObjectP6tChunk
FN:385,_ZN8CLoad3DS12ReadVerticesEP9t3DObjectP6tChunk
FN:419,_ZN8CLoad3DS18ReadObjectMaterialEP8t3DModelP9t3DObjectP6tChunk
FN:463,_Z6Vector8CVector3S_
FN:475,_Z9AddVector8CVector3S_
FN:487,_Z20DivideVectorByScaler8CVector3f
FN:499,_Z5Cross8CVector3S_
FN:513,_Z9Normalize8CVector3
FN:527,_ZN8CLoad3DS14ComputeNormalsEP8t3DModel
FNDA:16,_Z11empty_chunkP6tChunk
FNDA:2,_ZN8CLoad3DSC2Ev
FNDA:2,_ZN8CLoad3DS9Import3DSEP8t3DModelPc
FNDA:2,_ZN8CLoad3DS7CleanUpEv
FNDA:4,_ZN8CLoad3DS16ProcessNextChunkEP8t3DModelP6tChunk
FNDA:4,_ZN8CLoad3DS22ProcessNextObjectChunkEP8t3DModelP9t3DObjectP6tChunk
FNDA:4,_ZN8CLoad3DS24ProcessNextMaterialChunkEP8t3DModelP6tChunk
FNDA:68,_ZN8CLoad3DS9ReadChunkEP6tChunk
FNDA:4,_ZN8CLoad3DS9GetStringEPc
FNDA:2,_ZN8CLoad3DS14ReadColorChunkEP13tMaterialInfoP6tChunk
FNDA:2,_ZN8CLoad3DS17ReadVertexIndicesEP9t3DObjectP6tChunk
FNDA:2,_ZN8CLoad3DS17ReadUVCoordinatesEP9t3DObjectP6tChunk
FNDA:2,_ZN8CLoad3DS12ReadVerticesEP9t3DObjectP6tChunk
FNDA:2,_ZN8CLoad3DS18ReadObjectMaterialEP8t3DModelP9t3DObjectP6tChunk
FNDA:12744,_Z6Vector8CVector3S_
FNDA:19116,_Z9AddVector8CVector3S_
FNDA:3366,_Z20DivideVectorByScaler8CVector3f
FNDA:6372,_Z5Cross8CVector3S_
FNDA:9738,_Z9Normalize8CVector3
FNDA:2,_ZN8CLoad3DS14ComputeNormalsEP8t3DModel
FNF:20
FNH:20
DA:7,16
DA:9,16
DA:10,16
DA:12,2
DA:14,2
DA:15,2
DA:16,2
DA:19,2
DA:21,2
DA:24,2
DA:27,2
DA:29,0
DA:31,0
DA:38,2
DA:41,2
DA:43,0
DA:45,0
DA:51,2
DA:54,2
DA:57,2
DA:59,2
DA:64,2
DA:67,2
DA:68,2
DA:69,2
DA:70,2
DA:75,4
DA:77,4
DA:78,4
DA:79,4
DA:80,4
DA:82,4
DA:84,4
DA:89,28
DA:92,12
DA:95,12
DA:102,2
DA:107,2
DA:112,2
DA:115,2
DA:118,2
DA:121,2
DA:122,2
DA:127,2
DA:130,2
DA:133,2
DA:134,2
DA:141,2
DA:144,2
DA:147,2
DA:150,2
DA:153,2
DA:154,2
DA:159,2
DA:160,2
DA:165,2
DA:166,2
DA:170,12
DA:174,4
DA:175,4
DA:176,4
DA:180,4
DA:182,4
DA:185,4
DA:188,32
DA:191,14
DA:194,14
DA:199,2
DA:200,2
DA:203,2
DA:204,2
DA:207,2
DA:208,2
DA:216,2
DA:217,2
DA:222,2
DA:223,2
DA:228,4
DA:229,4
DA:233,14
DA:237,4
DA:238,4
DA:239,4
DA:242,4
DA:244,4
DA:247,4
DA:250,76
DA:253,36
DA:256,36
DA:261,2
DA:262,2
DA:265,2
DA:266,2
DA:271,2
DA:272,2
DA:277,2
DA:278,2
DA:283,28
DA:284,28
DA:288,36
DA:292,4
DA:293,4
DA:294,4
DA:297,68
DA:300,68
DA:303,68
DA:304,68
DA:307,4
DA:309,4
DA:312,4
DA:315,72
DA:318,34
DA:322,4
DA:327,2
DA:330,2
DA:333,2
DA:336,2
DA:337,2
DA:340,2
DA:342,2
DA:345,2
DA:348,2
DA:349,2
DA:352,6374
DA:354,31860
DA:357,25488
DA:359,25488
DA:362,19116
DA:366,2
DA:370,2
DA:375,2
DA:378,2
DA:381,2
DA:382,2
DA:385,2
DA:390,2
DA:393,2
DA:394,2
DA:397,2
DA:404,3368
DA:407,3366
DA:410,3366
DA:413,3366
DA:415,2
DA:419,2
DA:421,2
DA:422,2
DA:427,2
DA:430,2
DA:433,2
DA:436,2
DA:439,2
DA:442,2
DA:444,2
DA:449,0
DA:453,2
DA:454,2
DA:463,12744
DA:467,12744
DA:468,12744
DA:469,12744
DA:471,12744
DA:475,19116
DA:479,19116
DA:480,19116
DA:481,19116
DA:483,19116
DA:487,3366
DA:491,3366
DA:492,3366
DA:493,3366
DA:495,3366
DA:499,6372
DA:503,6372
DA:505,6372
DA:507,6372
DA:509,6372
DA:513,9738
DA:517,9738
DA:519,9738
DA:520,9738
DA:521,9738
DA:523,9738
DA:527,2
DA:532,2
DA:533,0
DA:536,4
DA:539,2
DA:542,2
DA:543,2
DA:544,2
DA:547,6374
DA:549,6372
DA:550,6372
DA:551,6372
DA:555,6372
DA:556,6372
DA:558,6372
DA:559,6372
DA:560,6372
DA:562,6372
DA:566,2
DA:567,2
DA:568,2
DA:570,3368
DA:572,10727442
DA:574,21441780
DA:575,21429036
DA:576,10711332
DA:578,19116
DA:579,19116
DA:583,3366
DA:586,3366
DA:588,3366
DA:589,3366
DA:593,2
DA:594,2
LF:217
LH:211
end_of_record
TN:
SF:/usr/include/c++/5/bits/allocator.h
FN:113,_ZNSaI8triangleEC2Ev
FN:113,_ZNSaI13tMaterialInfoEC2Ev
FN:113,_ZNSaI9t3DObjectEC2Ev
FN:121,_ZNSaI9t3DObjectED2Ev
FN:121,_ZNSaI8triangleED2Ev
FN:121,_ZNSaI13tMaterialInfoED2Ev
FNDA:2,_ZNSaI8triangleEC2Ev
FNDA:2,_ZNSaI9t3DObjectEC2Ev
FNDA:2,_ZNSaI13tMaterialInfoEC2Ev
FNDA:2,_ZNSaI8triangleED2Ev
FNDA:2,_ZNSaI9t3DObjectED2Ev
FNDA:2,_ZNSaI13tMaterialInfoED2Ev
FNF:6
FNH:6
DA:113,6
DA:121,6
LF:2
LH:2
end_of_record
SF:/usr/include/c++/5/bits/basic_string.h
FN:4783,_ZStplIcSt11char_traitsIcESaIcEENSt7__cxx1112basic_stringIT_T0_T1_EERKS8_SA_
FNDA:2,_ZStplIcSt11char_traitsIcESaIcEENSt7__cxx1112basic_stringIT_T0_T1_EERKS8_SA_
FNF:1
FNH:1
DA:4783,2
DA:4786,2
DA:4787,2
DA:4788,2
LF:4
LH:4
end_of_record
SF:/usr/include/c++/5/bits/ios_base.h
FN:129,_ZStorSt13_Ios_OpenmodeS_
FNDA:2,_ZStorSt13_Ios_OpenmodeS_
FNF:1
FNH:1
DA:129,2
DA:130,2
LF:2
LH:2
end_of_record
SF:/usr/include/c++/5/bits/postypes.h
FN:133,_ZNSt4fposI11__mbstate_tEC2El
FNDA:2,_ZNSt4fposI11__mbstate_tEC2El
FNF:1
FNH:1
DA:133,2
DA:134,2
LF:2
LH:2
end_of_record
SF:/usr/include/c++/5/bits/stl_algobase.h
FN:219,_ZSt3maxImERKT_S2_S2_
FN:282,_ZSt12__niter_baseIP8triangleENSt11_Niter_baseIT_E13iterator_typeES3_
FN:293,_ZSt12__miter_baseIP8triangleENSt11_Miter_baseIT_E13iterator_typeES3_
FN:373,_ZNSt11__copy_moveILb0ELb1ESt26random_access_iterator_tagE8__copy_mI8triangleEEPT_PKS4_S7_S5_
FN:391,_ZSt13__copy_move_aILb0EP8triangleS1_ET1_T0_S3_S2_
FN:436,_ZSt14__copy_move_a2ILb0EP8triangleS1_ET1_T0_S3_S2_
FN:462,_ZSt4copyIP8triangleS1_ET0_T_S3_S2_
FN:575,_ZNSt20__copy_move_backwardILb0ELb1ESt26random_access_iterator_tagE13__copy_move_bI8triangleEEPT_PKS4_S7_S5_
FN:593,_ZSt22__copy_move_backward_aILb0EP8triangleS1_ET1_T0_S3_S2_
FN:611,_ZSt23__copy_move_backward_a2ILb0EP8triangleS1_ET1_T0_S3_S2_
FN:638,_ZSt13copy_backwardIP8triangleS1_ET0_T_S3_S2_
FNDA:0,_ZSt3maxImERKT_S2_S2_
FNDA:216,_ZSt12__niter_baseIP8triangleENSt11_Niter_baseIT_E13iterator_typeES3_
FNDA:144,_ZSt12__miter_baseIP8triangleENSt11_Miter_baseIT_E13iterator_typeES3_
FNDA:72,_ZNSt11__copy_moveILb0ELb1ESt26random_access_iterator_tagE8__copy_mI8triangleEEPT_PKS4_S7_S5_
FNDA:72,_ZSt13__copy_move_aILb0EP8triangleS1_ET1_T0_S3_S2_
FNDA:72,_ZSt14__copy_move_a2ILb0EP8triangleS1_ET1_T0_S3_S2_
FNDA:72,_ZSt4copyIP8triangleS1_ET0_T_S3_S2_
FNDA:0,_ZNSt20__copy_move_backwardILb0ELb1ESt26random_access_iterator_tagE13__copy_move_bI8triangleEEPT_PKS4_S7_S5_
FNDA:0,_ZSt22__copy_move_backward_aILb0EP8triangleS1_ET1_T0_S3_S2_
FNDA:0,_ZSt23__copy_move_backward_a2ILb0EP8triangleS1_ET1_T0_S3_S2_
FNDA:0,_ZSt13copy_backwardIP8triangleS1_ET0_T_S3_S2_
FNF:11
FNH:6
DA:219,0
DA:224,0
DA:225,0
DA:226,0
DA:282,216
DA:283,216
DA:293,144
DA:294,144
DA:373,72
DA:382,72
DA:383,72
DA:384,34
DA:385,72
DA:391,72
DA:399,72
DA:402,72
DA:436,72
DA:438,72
DA:440,72
DA:462,72
DA:471,72
DA:472,72
DA:575,0
DA:584,0
DA:585,0
DA:586,0
DA:587,0
DA:593,0
DA:601,0
DA:606,0
DA:611,0
DA:614,0
DA:615,0
DA:638,0
DA:649,0
DA:650,0
LF:36
LH:18
end_of_record
SF:/usr/include/c++/5/bits/stl_construct.h
FN:112,_ZNSt12_Destroy_auxILb1EE9__destroyIP8triangleEEvT_S4_
FN:112,_ZNSt12_Destroy_auxILb1EE9__destroyIP13tMaterialInfoEEvT_S4_
FN:112,_ZNSt12_Destroy_auxILb1EE9__destroyIP9t3DObjectEEvT_S4_
FN:122,_ZSt8_DestroyIP13tMaterialInfoEvT_S2_
FN:122,_ZSt8_DestroyIP9t3DObjectEvT_S2_
FN:122,_ZSt8_DestroyIP8triangleEvT_S2_
FN:148,_ZSt8_DestroyIP8triangleS0_EvT_S2_RSaIT0_E
FN:148,_ZSt8_DestroyIP13tMaterialInfoS0_EvT_S2_RSaIT0_E
FN:148,_ZSt8_DestroyIP9t3DObjectS0_EvT_S2_RSaIT0_E
FNDA:38,_ZNSt12_Destroy_auxILb1EE9__destroyIP8triangleEEvT_S4_
FNDA:0,_ZNSt12_Destroy_auxILb1EE9__destroyIP9t3DObjectEEvT_S4_
FNDA:0,_ZNSt12_Destroy_auxILb1EE9__destroyIP13tMaterialInfoEEvT_S4_
FNDA:38,_ZSt8_DestroyIP8triangleEvT_S2_
FNDA:0,_ZSt8_DestroyIP9t3DObjectEvT_S2_
FNDA:0,_ZSt8_DestroyIP13tMaterialInfoEvT_S2_
FNDA:38,_ZSt8_DestroyIP8triangleS0_EvT_S2_RSaIT0_E
FNDA:0,_ZSt8_DestroyIP9t3DObjectS0_EvT_S2_RSaIT0_E
FNDA:0,_ZSt8_DestroyIP13tMaterialInfoS0_EvT_S2_RSaIT0_E
FNF:9
FNH:3
DA:112,38
DA:122,38
DA:126,38
DA:128,38
DA:148,38
DA:151,38
DA:152,38
LF:7
LH:7
end_of_record
SF:/usr/include/c++/5/bits/stl_iterator.h
FN:740,_ZN9__gnu_cxx17__normal_iteratorIP8triangleSt6vectorIS1_SaIS1_EEEC2ERKS2_
FN:753,_ZNK9__gnu_cxx17__normal_iteratorIP8triangleSt6vectorIS1_SaIS1_EEEdeEv
FN:805,_ZNK9__gnu_cxx17__normal_iteratorIP8triangleSt6vectorIS1_SaIS1_EEE4baseEv
FN:923,_ZN9__gnu_cxxmiIP8triangleSt6vectorIS1_SaIS1_EEEENS_17__normal_iteratorIT_T0_E15difference_typeERKS9_SC_
FNDA:72,_ZN9__gnu_cxx17__normal_iteratorIP8triangleSt6vectorIS1_SaIS1_EEEC2ERKS2_
FNDA:0,_ZNK9__gnu_cxx17__normal_iteratorIP8triangleSt6vectorIS1_SaIS1_EEEdeEv
FNDA:144,_ZNK9__gnu_cxx17__normal_iteratorIP8triangleSt6vectorIS1_SaIS1_EEE4baseEv
FNDA:36,_ZN9__gnu_cxxmiIP8triangleSt6vectorIS1_SaIS1_EEEENS_17__normal_iteratorIT_T0_E15difference_typeERKS9_SC_
FNF:4
FNH:3
DA:740,72
DA:741,72
DA:753,0
DA:754,0
DA:805,144
DA:806,144
DA:923,36
DA:926,36
LF:8
LH:6
end_of_record
SF:/usr/include/c++/5/bits/stl_iterator_base_types.h
FN:215,_ZNSt10_Iter_baseIP8triangleLb0EE7_S_baseES1_
FNDA:360,_ZNSt10_Iter_baseIP8triangleLb0EE7_S_baseES1_
FNF:1
FNH:1
DA:215,360
DA:216,360
LF:2
LH:2
end_of_record
SF:/usr/include/c++/5/bits/stl_uninitialized.h
FN:91,_ZNSt20__uninitialized_copyILb1EE13__uninit_copyIP8triangleS3_EET0_T_S5_S4_
FN:107,_ZSt18uninitialized_copyIP8triangleS1_ET0_T_S3_S2_
FN:279,_ZSt22__uninitialized_copy_aIP8triangleS1_S0_ET0_T_S3_S2_RSaIT1_E
FN:297,_ZSt34__uninitialized_move_if_noexcept_aIP8triangleS1_SaIS0_EET0_T_S4_S3_RT1_
FNDA:72,_ZNSt20__uninitialized_copyILb1EE13__uninit_copyIP8triangleS3_EET0_T_S5_S4_
FNDA:72,_ZSt18uninitialized_copyIP8triangleS1_ET0_T_S3_S2_
FNDA:72,_ZSt22__uninitialized_copy_aIP8triangleS1_S0_ET0_T_S3_S2_RSaIT1_E
FNDA:72,_ZSt34__uninitialized_move_if_noexcept_aIP8triangleS1_SaIS0_EET0_T_S4_S3_RT1_
FNF:4
FNH:4
DA:91,72
DA:93,72
DA:107,72
DA:115,72
DA:126,72
DA:279,72
DA:281,72
DA:297,72
DA:304,72
LF:9
LH:9
end_of_record
SF:/usr/include/c++/5/bits/stl_vector.h
FN:79,_ZNSt12_Vector_baseI9t3DObjectSaIS0_EE12_Vector_implD2Ev
FN:79,_ZNSt12_Vector_baseI13tMaterialInfoSaIS0_EE12_Vector_implD2Ev
FN:79,_ZNSt12_Vector_baseI8triangleSaIS0_EE12_Vector_implD2Ev
FN:86,_ZNSt12_Vector_baseI13tMaterialInfoSaIS0_EE12_Vector_implC2Ev
FN:86,_ZNSt12_Vector_baseI8triangleSaIS0_EE12_Vector_implC2Ev
FN:86,_ZNSt12_Vector_baseI9t3DObjectSaIS0_EE12_Vector_implC2Ev
FN:113,_ZNSt12_Vector_baseI8triangleSaIS0_EE19_M_get_Tp_allocatorEv
FN:113,_ZNSt12_Vector_baseI9t3DObjectSaIS0_EE19_M_get_Tp_allocatorEv
FN:113,_ZNSt12_Vector_baseI13tMaterialInfoSaIS0_EE19_M_get_Tp_allocatorEv
FN:117,_ZNKSt12_Vector_baseI8triangleSaIS0_EE19_M_get_Tp_allocatorEv
FN:124,_ZNSt12_Vector_baseI13tMaterialInfoSaIS0_EEC2Ev
FN:124,_ZNSt12_Vector_baseI8triangleSaIS0_EEC2Ev
FN:124,_ZNSt12_Vector_baseI9t3DObjectSaIS0_EEC2Ev
FN:159,_ZNSt12_Vector_baseI13tMaterialInfoSaIS0_EED2Ev
FN:159,_ZNSt12_Vector_baseI8triangleSaIS0_EED2Ev
FN:159,_ZNSt12_Vector_baseI9t3DObjectSaIS0_EED2Ev
FN:167,_ZNSt12_Vector_baseI8triangleSaIS0_EE11_M_allocateEm
FN:174,_ZNSt12_Vector_baseI8triangleSaIS0_EE13_M_deallocateEPS0_m
FN:174,_ZNSt12_Vector_baseI9t3DObjectSaIS0_EE13_M_deallocateEPS0_m
FN:174,_ZNSt12_Vector_baseI13tMaterialInfoSaIS0_EE13_M_deallocateEPS0_m
FN:253,_ZNSt6vectorI9t3DObjectSaIS0_EEC2Ev
FN:253,_ZNSt6vectorI8triangleSaIS0_EEC2Ev
FN:253,_ZNSt6vectorI13tMaterialInfoSaIS0_EEC2Ev
FN:423,_ZNSt6vectorI13tMaterialInfoSaIS0_EED2Ev
FN:423,_ZNSt6vectorI9t3DObjectSaIS0_EED2Ev
FN:423,_ZNSt6vectorI8triangleSaIS0_EED2Ev
FN:547,_ZNSt6vectorI8triangleSaIS0_EE5beginEv
FN:565,_ZNSt6vectorI8triangleSaIS0_EE3endEv
FN:654,_ZNKSt6vectorI9t3DObjectSaIS0_EE4sizeEv
FN:654,_ZNKSt6vectorI8triangleSaIS0_EE4sizeEv
FN:654,_ZNKSt6vectorI13tMaterialInfoSaIS0_EE4sizeEv
FN:659,_ZNKSt6vectorI8triangleSaIS0_EE8max_sizeEv
FN:779,_ZNSt6vectorI9t3DObjectSaIS0_EEixEm
FN:779,_ZNSt6vectorI8triangleSaIS0_EEixEm
FN:779,_ZNSt6vectorI13tMaterialInfoSaIS0_EEixEm
FN:913,_ZNSt6vectorI8triangleSaIS0_EE9push_backERKS0_
FN:1422,_ZNKSt6vectorI8triangleSaIS0_EE12_M_check_lenEmPKc
FNDA:2,_ZNSt12_Vector_baseI8triangleSaIS0_EE12_Vector_implD2Ev
FNDA:2,_ZNSt12_Vector_baseI9t3DObjectSaIS0_EE12_Vector_implD2Ev
FNDA:2,_ZNSt12_Vector_baseI13tMaterialInfoSaIS0_EE12_Vector_implD2Ev
FNDA:2,_ZNSt12_Vector_baseI8triangleSaIS0_EE12_Vector_implC2Ev
FNDA:2,_ZNSt12_Vector_baseI9t3DObjectSaIS0_EE12_Vector_implC2Ev
FNDA:2,_ZNSt12_Vector_baseI13tMaterialInfoSaIS0_EE12_Vector_implC2Ev
FNDA:110,_ZNSt12_Vector_baseI8triangleSaIS0_EE19_M_get_Tp_allocatorEv
FNDA:0,_ZNSt12_Vector_baseI9t3DObjectSaIS0_EE19_M_get_Tp_allocatorEv
FNDA:0,_ZNSt12_Vector_baseI13tMaterialInfoSaIS0_EE19_M_get_Tp_allocatorEv
FNDA:72,_ZNKSt12_Vector_baseI8triangleSaIS0_EE19_M_get_Tp_allocatorEv
FNDA:2,_ZNSt12_Vector_baseI8triangleSaIS0_EEC2Ev
FNDA:2,_ZNSt12_Vector_baseI9t3DObjectSaIS0_EEC2Ev
FNDA:2,_ZNSt12_Vector_baseI13tMaterialInfoSaIS0_EEC2Ev
FNDA:2,_ZNSt12_Vector_baseI8triangleSaIS0_EED2Ev
FNDA:2,_ZNSt12_Vector_baseI9t3DObjectSaIS0_EED2Ev
FNDA:2,_ZNSt12_Vector_baseI13tMaterialInfoSaIS0_EED2Ev
FNDA:36,_ZNSt12_Vector_baseI8triangleSaIS0_EE11_M_allocateEm
FNDA:0,_ZNSt12_Vector_baseI9t3DObjectSaIS0_EE13_M_deallocateEPS0_m
FNDA:0,_ZNSt12_Vector_baseI13tMaterialInfoSaIS0_EE13_M_deallocateEPS0_m
FNDA:38,_ZNSt12_Vector_baseI8triangleSaIS0_EE13_M_deallocateEPS0_m
FNDA:2,_ZNSt6vectorI8triangleSaIS0_EEC2Ev
FNDA:2,_ZNSt6vectorI9t3DObjectSaIS0_EEC2Ev
FNDA:2,_ZNSt6vectorI13tMaterialInfoSaIS0_EEC2Ev
FNDA:2,_ZNSt6vectorI8triangleSaIS0_EED2Ev
FNDA:2,_ZNSt6vectorI9t3DObjectSaIS0_EED2Ev
FNDA:2,_ZNSt6vectorI13tMaterialInfoSaIS0_EED2Ev
FNDA:36,_ZNSt6vectorI8triangleSaIS0_EE5beginEv
FNDA:36,_ZNSt6vectorI8triangleSaIS0_EE3endEv
FNDA:0,_ZNKSt6vectorI13tMaterialInfoSaIS0_EE4sizeEv
FNDA:0,_ZNKSt6vectorI9t3DObjectSaIS0_EE4sizeEv
FNDA:139048,_ZNKSt6vectorI8triangleSaIS0_EE4sizeEv
FNDA:72,_ZNKSt6vectorI8triangleSaIS0_EE8max_sizeEv
FNDA:2500236,_ZNSt6vectorI8triangleSaIS0_EEixEm
FNDA:0,_ZNSt6vectorI13tMaterialInfoSaIS0_EEixEm
FNDA:0,_ZNSt6vectorI9t3DObjectSaIS0_EEixEm
FNDA:138902,_ZNSt6vectorI8triangleSaIS0_EE9push_backERKS0_
FNDA:36,_ZNKSt6vectorI8triangleSaIS0_EE12_M_check_lenEmPKc
FNF:37
FNH:29
DA:79,6
DA:86,6
DA:87,6
DA:88,6
DA:113,110
DA:114,110
DA:117,72
DA:118,72
DA:124,6
DA:125,6
DA:159,6
DA:160,12
DA:161,18
DA:167,36
DA:170,36
DA:174,38
DA:177,38
DA:178,36
DA:179,38
DA:253,6
DA:257,6
DA:423,6
DA:424,6
DA:425,12
DA:547,36
DA:548,36
DA:565,36
DA:566,36
DA:654,139048
DA:655,139048
DA:659,72
DA:660,72
DA:779,2500236
DA:780,2500236
DA:913,138902
DA:915,138902
DA:917,138866
DA:919,138866
DA:925,36
DA:927,138902
DA:1422,36
DA:1424,36
DA:1425,0
DA:1427,36
DA:1428,36
LF:45
LH:44
end_of_record
SF:/usr/include/c++/5/bits/vector.tcc
FN:326,_ZNSt6vectorI8triangleSaIS0_EE13_M_insert_auxEN9__gnu_cxx17__normal_iteratorIPS0_S2_EERKS0_
FNDA:36,_ZNSt6vectorI8triangleSaIS0_EE13_M_insert_auxEN9__gnu_cxx17__normal_iteratorIPS0_S2_EERKS0_
FNF:1
FNH:1
DA:326,36
DA:330,36
DA:332,0
DA:333,0
DA:335,0
DA:337,0
DA:339,0
DA:343,0
DA:351,36
DA:352,36
DA:353,36
DA:354,36
DA:361,36
DA:368,36
DA:370,36
DA:372,36
DA:373,36
DA:375,36
DA:377,36
DA:379,36
DA:380,36
DA:382,0
DA:384,0
DA:385,0
DA:388,0
DA:389,0
DA:390,0
DA:392,36
DA:393,36
DA:394,72
DA:396,72
DA:397,36
DA:398,36
DA:399,36
DA:401,36
LF:35
LH:23
end_of_record
SF:/usr/include/c++/5/ext/alloc_traits.h
FN:181,_ZN9__gnu_cxx14__alloc_traitsISaI8triangleEE8allocateERS2_m
FN:184,_ZN9__gnu_cxx14__alloc_traitsISaI8triangleEE10deallocateERS2_PS1_m
FN:184,_ZN9__gnu_cxx14__alloc_traitsISaI13tMaterialInfoEE10deallocateERS2_PS1_m
FN:184,_ZN9__gnu_cxx14__alloc_traitsISaI9t3DObjectEE10deallocateERS2_PS1_m
FN:188,_ZN9__gnu_cxx14__alloc_traitsISaI8triangleEE9constructIS1_EEvRS2_PS1_RKT_
FN:191,_ZN9__gnu_cxx14__alloc_traitsISaI8triangleEE7destroyERS2_PS1_
FN:194,_ZN9__gnu_cxx14__alloc_traitsISaI8triangleEE8max_sizeERKS2_
FNDA:36,_ZN9__gnu_cxx14__alloc_traitsISaI8triangleEE8allocateERS2_m
FNDA:0,_ZN9__gnu_cxx14__alloc_traitsISaI9t3DObjectEE10deallocateERS2_PS1_m
FNDA:0,_ZN9__gnu_cxx14__alloc_traitsISaI13tMaterialInfoEE10deallocateERS2_PS1_m
FNDA:36,_ZN9__gnu_cxx14__alloc_traitsISaI8triangleEE10deallocateERS2_PS1_m
FNDA:138902,_ZN9__gnu_cxx14__alloc_traitsISaI8triangleEE9constructIS1_EEvRS2_PS1_RKT_
FNDA:0,_ZN9__gnu_cxx14__alloc_traitsISaI8triangleEE7destroyERS2_PS1_
FNDA:72,_ZN9__gnu_cxx14__alloc_traitsISaI8triangleEE8max_sizeERKS2_
FNF:7
FNH:4
DA:181,36
DA:182,36
DA:184,36
DA:185,36
DA:188,138902
DA:189,138902
DA:191,0
DA:192,0
DA:194,72
DA:195,72
LF:10
LH:8
end_of_record
SF:/usr/include/c++/5/ext/new_allocator.h
FN:79,_ZN9__gnu_cxx13new_allocatorI8triangleEC2Ev
FN:79,_ZN9__gnu_cxx13new_allocatorI9t3DObjectEC2Ev
FN:79,_ZN9__gnu_cxx13new_allocatorI13tMaterialInfoEC2Ev
FN:86,_ZN9__gnu_cxx13new_allocatorI8triangleED2Ev
FN:86,_ZN9__gnu_cxx13new_allocatorI9t3DObjectED2Ev
FN:86,_ZN9__gnu_cxx13new_allocatorI13tMaterialInfoED2Ev
FN:99,_ZN9__gnu_cxx13new_allocatorI8triangleE8allocateEmPKv
FN:109,_ZN9__gnu_cxx13new_allocatorI13tMaterialInfoE10deallocateEPS1_m
FN:109,_ZN9__gnu_cxx13new_allocatorI9t3DObjectE10deallocateEPS1_m
FN:109,_ZN9__gnu_cxx13new_allocatorI8triangleE10deallocateEPS1_m
FN:113,_ZNK9__gnu_cxx13new_allocatorI8triangleE8max_sizeEv
FN:129,_ZN9__gnu_cxx13new_allocatorI8triangleE9constructEPS1_RKS1_
FN:133,_ZN9__gnu_cxx13new_allocatorI8triangleE7destroyEPS1_
FNDA:2,_ZN9__gnu_cxx13new_allocatorI8triangleEC2Ev
FNDA:2,_ZN9__gnu_cxx13new_allocatorI9t3DObjectEC2Ev
FNDA:2,_ZN9__gnu_cxx13new_allocatorI13tMaterialInfoEC2Ev
FNDA:2,_ZN9__gnu_cxx13new_allocatorI8triangleED2Ev
FNDA:2,_ZN9__gnu_cxx13new_allocatorI9t3DObjectED2Ev
FNDA:2,_ZN9__gnu_cxx13new_allocatorI13tMaterialInfoED2Ev
FNDA:36,_ZN9__gnu_cxx13new_allocatorI8triangleE8allocateEmPKv
FNDA:0,_ZN9__gnu_cxx13new_allocatorI9t3DObjectE10deallocateEPS1_m
FNDA:0,_ZN9__gnu_cxx13new_allocatorI13tMaterialInfoE10deallocateEPS1_m
FNDA:36,_ZN9__gnu_cxx13new_allocatorI8triangleE10deallocateEPS1_m
FNDA:108,_ZNK9__gnu_cxx13new_allocatorI8triangleE8max_sizeEv
FNDA:138902,_ZN9__gnu_cxx13new_allocatorI8triangleE9constructEPS1_RKS1_
FNDA:0,_ZN9__gnu_cxx13new_allocatorI8triangleE7destroyEPS1_
FNF:13
FNH:10
DA:79,6
DA:86,6
DA:99,36
DA:101,36
DA:102,0
DA:104,36
DA:109,36
DA:110,36
DA:113,108
DA:114,108
DA:129,138902
DA:130,138902
DA:133,0
LF:13
LH:11
end_of_record
SF:/usr/include/c++/5/iostream
DA:74,2
LF:1
LH:1
end_of_record
SF:/usr/include/c++/5/new
FN:129,_ZnwmPv
FNDA:0,_ZnwmPv
FNF:1
FNH:0
DA:129,0
DA:130,0
LF:2
LH:0
end_of_record
SF:/disk2/graphdev/MiniGL/3DS.h
FN:66,_ZN8t3DModelD2Ev
FN:66,_ZN8t3DModelC2Ev
FNDA:2,_ZN8t3DModelD2Ev
FNDA:2,_ZN8t3DModelC2Ev
FNF:2
FNH:2
DA:66,4
LF:1
LH:1
end_of_record
SF:/disk2/graphdev/MiniGL/c24bitmap.h
FN:472,_ZN9C24BitMapC2Ev
FN:482,_ZN9C24BitMapD2Ev
FN:513,_ZN9C24BitMap4LoadEPc
FNDA:0,_ZN9C24BitMapC2Ev
FNDA:0,_ZN9C24BitMapD2Ev
FNDA:2,_ZN9C24BitMap4LoadEPc
FNF:3
FNH:1
DA:472,0
DA:474,0
DA:475,0
DA:476,0
DA:477,0
DA:478,0
DA:479,0
DA:480,0
DA:482,0
DA:484,0
DA:485,0
DA:513,2
DA:515,2
DA:518,2
DA:520,2
DA:521,2
DA:525,2
DA:526,2
DA:528,2
DA:530,0
DA:531,0
DA:533,2
DA:534,2
DA:535,2
DA:536,2
DA:537,2
LF:26
LH:13
end_of_record
SF:/disk2/graphdev/MiniGL/include/texture.h
FN:50,_Z13glGenTexturesiPj
FNDA:2,_Z13glGenTexturesiPj
FNF:1
FNH:1
DA:50,2
DA:52,2
DA:56,2
DA:57,514
DA:58,512
DA:59,516
DA:60,2
DA:61,2
DA:65,4
DA:66,2
DA:68,2
LF:11
LH:11
end_of_record
SF:/disk2/graphdev/MiniGL/include/x11imp.h
FN:22,_Z13tkSwapBuffersv
FN:27,_Z13glXMakeDrawOkii
FN:143,_Z7ui_loopiPPcPKc
FNDA:2,_Z13tkSwapBuffersv
FNDA:2,_Z13glXMakeDrawOkii
FNDA:2,_Z7ui_loopiPPcPKc
FNF:3
FNH:3
DA:22,2
DA:24,2
DA:25,2
DA:27,2
DA:31,2
DA:36,2
DA:37,2
DA:42,2
DA:43,2
DA:44,0
DA:45,0
DA:48,2
DA:50,2
DA:51,2
DA:52,2
DA:53,2
DA:54,2
DA:55,2
DA:57,2
DA:60,2
DA:143,2
DA:169,2
DA:170,2
DA:191,2
DA:193,2
DA:194,2
DA:196,2
LF:27
LH:25
end_of_record
SF:/disk2/graphdev/MiniGL/include/zgl.h
FN:343,_Z14gl_get_contextv
FNDA:0,_Z14gl_get_contextv
FNF:1
FNH:0
DA:343,0
DA:345,0
LF:2
LH:0
end_of_record
SF:/disk2/graphdev/MiniGL/main.cpp
FN:33,_Z13CreateTexturePjPci
FN:83,_Z11RenderScenev
FN:159,_Z7reshapeii
FN:182,_Z4initv
FN:219,_Z11drawPolygonPA3_f
FN:232,_Z12SurfSetColorfff
FN:255,_Z15StlShape_RenderRSt6vectorI8triangleSaIS0_EE
FN:287,_Z14Test_TRIANGLESv
FN:321,_Z9SetCamerav
FN:334,main
FN:456,_GLOBAL__sub_I__Z13tkSwapBuffersv
FN:456,_Z41__static_initialization_and_destruction_0ii
FNDA:2,_Z13CreateTexturePjPci
FNDA:2,_Z11RenderScenev
FNDA:4,_Z7reshapeii
FNDA:2,_Z4initv
FNDA:66,_Z11drawPolygonPA3_f
FNDA:8,_Z12SurfSetColorfff
FNDA:2,_Z15StlShape_RenderRSt6vectorI8triangleSaIS0_EE
FNDA:2,_Z14Test_TRIANGLESv
FNDA:2,_Z9SetCamerav
FNDA:2,main
FNDA:2,_GLOBAL__sub_I__Z13tkSwapBuffersv
FNDA:2,_Z41__static_initialization_and_destruction_0ii
FNF:12
FNH:12
DA:17,2
DA:18,2
DA:25,2
DA:33,2
DA:37,2
DA:38,0
DA:40,2
DA:43,2
DA:48,2
DA:67,2
DA:69,4
DA:83,2
DA:96,4
DA:99,2
DA:102,2
DA:105,2
DA:108,2
DA:109,2
DA:110,2
DA:111,2
DA:115,0
DA:116,0
DA:119,2
DA:121,6374
DA:124,25488
DA:127,19116
DA:130,19116
DA:133,19116
DA:136,19116
DA:137,19116
DA:141,0
DA:143,0
DA:144,0
DA:147,19116
DA:151,2
DA:155,2
DA:159,4
DA:161,4
DA:163,0
DA:166,4
DA:168,4
DA:169,4
DA:170,4
DA:172,4
DA:173,4
DA:174,4
DA:182,2
DA:185,2
DA:188,4
DA:191,2
DA:194,2
DA:198,2
DA:201,2
DA:202,2
DA:203,2
DA:205,2
DA:219,66
DA:222,66
DA:223,66
DA:225,330
DA:226,264
DA:227,66
DA:229,66
DA:232,8
DA:241,8
DA:243,8
DA:245,8
DA:246,8
DA:247,8
DA:248,8
DA:249,8
DA:251,8
DA:253,8
DA:255,2
DA:262,2
DA:263,138904
DA:266,555608
DA:269,416706
DA:271,833412
DA:272,416706
DA:273,833412
DA:282,2
DA:285,2
DA:287,2
DA:293,2
DA:303,2
DA:305,2
DA:307,2
DA:317,2
DA:320,2
DA:321,2
DA:323,2
DA:324,2
DA:326,2
DA:328,2
DA:329,2
DA:330,2
DA:331,2
DA:333,2
DA:334,2
DA:336,2
DA:343,2
DA:344,2
DA:347,2
DA:356,2
DA:357,2
DA:359,2
DA:363,2
DA:364,2
DA:365,2
DA:366,2
DA:367,2
DA:368,2
DA:369,2
DA:370,2
DA:371,2
DA:372,2
DA:377,2
DA:379,2
DA:380,2
DA:381,2
DA:382,2
DA:383,2
DA:384,2
DA:385,2
DA:387,2
DA:388,2
DA:391,2
DA:394,2
DA:395,2
DA:396,2
DA:397,2
DA:398,2
DA:399,2
DA:400,2
DA:402,2
DA:403,2
DA:406,2
DA:411,4
DA:413,4
DA:414,2
DA:416,2
DA:417,2
DA:418,2
DA:419,2
DA:420,22
DA:422,20
DA:426,20
DA:428,2
DA:429,2
DA:430,22
DA:432,20
DA:436,20
DA:438,2
DA:439,2
DA:441,22
DA:443,20
DA:447,20
DA:449,2
DA:450,2
DA:452,2
DA:453,2
DA:454,2
DA:455,2
DA:456,6
LF:165
LH:158
end_of_record
SF:/disk2/graphdev/MiniGL/readstl.h
FN:28,_Z7Add3DPt5vec3dS_
FN:37,_ZplRK5vec3dS1_
FN:55,_Z20read_binary_STL_fileNSt7__cxx1112basic_stringIcSt11char_traitsIcESaIcEEERSt6vectorI8triangleSaIS6_EERdSA_SA_SA_SA_SA_
FNDA:0,_Z7Add3DPt5vec3dS_
FNDA:0,_ZplRK5vec3dS1_
FNDA:2,_Z20read_binary_STL_fileNSt7__cxx1112basic_stringIcSt11char_traitsIcESaIcEEERSt6vectorI8triangleSaIS6_EERdSA_SA_SA_SA_SA_
FNF:3
FNH:1
DA:28,0
DA:31,0
DA:32,0
DA:33,0
DA:34,0
DA:37,0
DA:39,0
DA:55,2
DA:59,4
DA:62,4
DA:67,2
DA:71,2
DA:73,0
DA:74,0
DA:78,2
DA:82,2
DA:92,2
DA:93,2
DA:94,2
DA:99,138904
DA:102,138902
DA:103,138902
DA:104,138902
DA:107,138902
DA:108,138902
DA:109,138902
DA:112,138902
DA:113,138902
DA:114,138902
DA:117,138902
DA:118,138902
DA:119,138902
DA:122,138902
DA:125,138902
DA:126,138902
DA:127,138902
DA:128,138902
DA:129,138902
DA:130,138902
DA:133,138902
DA:134,138902
DA:135,138902
DA:136,138902
DA:137,138902
DA:138,138902
DA:141,138902
DA:142,138902
DA:143,138902
DA:144,138902
DA:145,138902
DA:146,138902
DA:149,138902
DA:153,2
DA:155,2
LF:54
LH:45
end_of_record
